The target system is: Generic -  - 
The host system is: Linux - 4.18.0-372.9.1.el8.x86_64 - x86_64
Compiling the C compiler identification source file "CMakeCCompilerId.c" succeeded.
Compiler: /home/fresvel/.espressif/tools/xtensa-esp32-elf/esp-2022r1-RC1-11.2.0/xtensa-esp32-elf/bin/xtensa-esp32-elf-gcc 
Build flags: -mlongcalls;-Wno-frame-address;
Id flags:  

The output was:
0


Compilation of the C compiler identification source "CMakeCCompilerId.c" produced "a.out"

The C compiler identification is GNU, found in "/home/fresvel/esp/Proyectos/ciclismo/build/CMakeFiles/3.20.2/CompilerIdC/a.out"

Compiling the CXX compiler identification source file "CMakeCXXCompilerId.cpp" succeeded.
Compiler: /home/fresvel/.espressif/tools/xtensa-esp32-elf/esp-2022r1-RC1-11.2.0/xtensa-esp32-elf/bin/xtensa-esp32-elf-g++ 
Build flags: -mlongcalls;-Wno-frame-address;
Id flags:  

The output was:
0


Compilation of the CXX compiler identification source "CMakeCXXCompilerId.cpp" produced "a.out"

The CXX compiler identification is GNU, found in "/home/fresvel/esp/Proyectos/ciclismo/build/CMakeFiles/3.20.2/CompilerIdCXX/a.out"

Checking whether the ASM compiler is GNU using "--version" matched "(GNU assembler)|(GCC)|(Free Software Foundation)":
xtensa-esp32-elf-gcc (crosstool-NG esp-2022r1-RC1) 11.2.0
Copyright (C) 2021 Free Software Foundation, Inc.
This is free software; see the source for copying conditions.  There is NO
warranty; not even for MERCHANTABILITY or FITNESS FOR A PARTICULAR PURPOSE.

Detecting C compiler ABI info compiled with the following output:
Change Dir: /home/fresvel/esp/Proyectos/ciclismo/build/CMakeFiles/CMakeTmp

Run Build Command(s):/usr/bin/ninja-build cmTC_f858f && [1/2] Building C object CMakeFiles/cmTC_f858f.dir/CMakeCCompilerABI.c.obj
Using built-in specs.
COLLECT_GCC=/home/fresvel/.espressif/tools/xtensa-esp32-elf/esp-2022r1-RC1-11.2.0/xtensa-esp32-elf/bin/xtensa-esp32-elf-gcc
Target: xtensa-esp32-elf
Configured with: /builds/idf/crosstool-NG/.build/xtensa-esp32-elf/src/gcc/configure --build=x86_64-build_pc-linux-gnu --host=x86_64-build_pc-linux-gnu --target=xtensa-esp32-elf --prefix=/builds/idf/crosstool-NG/builds/xtensa-esp32-elf --exec_prefix=/builds/idf/crosstool-NG/builds/xtensa-esp32-elf --with-local-prefix=/builds/idf/crosstool-NG/builds/xtensa-esp32-elf/xtensa-esp32-elf --with-headers=/builds/idf/crosstool-NG/builds/xtensa-esp32-elf/xtensa-esp32-elf/include --with-newlib --enable-threads=no --disable-shared --with-pkgversion='crosstool-NG esp-2022r1-RC1' --disable-__cxa_atexit --enable-cxx-flags=-ffunction-sections --disable-libgomp --disable-libmudflap --disable-libmpx --disable-libssp --disable-libquadmath --disable-libquadmath-support --disable-libstdcxx-verbose --with-gmp=/builds/idf/crosstool-NG/.build/xtensa-esp32-elf/buildtools --with-mpfr=/builds/idf/crosstool-NG/.build/xtensa-esp32-elf/buildtools --with-mpc=/builds/idf/crosstool-NG/.build/xtensa-esp32-elf/buildtools --with-isl=/builds/idf/crosstool-NG/.build/xtensa-esp32-elf/buildtools --enable-lto --enable-target-optspace --without-long-double-128 --disable-nls --enable-multiarch --enable-languages=c,c++ --disable-libstdcxx-verbose --enable-threads=posix --enable-gcov-custom-rtio --enable-libstdcxx-time=yes
Thread model: posix
Supported LTO compression algorithms: zlib
gcc version 11.2.0 (crosstool-NG esp-2022r1-RC1) 
COLLECT_GCC_OPTIONS='-mlongcalls' '-Wno-frame-address' '-v' '-o' 'CMakeFiles/cmTC_f858f.dir/CMakeCCompilerABI.c.obj' '-c' '-dumpdir' 'CMakeFiles/cmTC_f858f.dir/'
 /home/fresvel/.espressif/tools/xtensa-esp32-elf/esp-2022r1-RC1-11.2.0/xtensa-esp32-elf/bin/../libexec/gcc/xtensa-esp32-elf/11.2.0/cc1 -quiet -v -iprefix /home/fresvel/.espressif/tools/xtensa-esp32-elf/esp-2022r1-RC1-11.2.0/xtensa-esp32-elf/bin/../lib/gcc/xtensa-esp32-elf/11.2.0/ /usr/share/cmake/Modules/CMakeCCompilerABI.c -quiet -dumpdir CMakeFiles/cmTC_f858f.dir/ -dumpbase CMakeCCompilerABI.c.c -dumpbase-ext .c -mlongcalls -Wno-frame-address -version -o /tmp/cciqNXEg.s
GNU C17 (crosstool-NG esp-2022r1-RC1) version 11.2.0 (xtensa-esp32-elf)
	compiled by GNU C version 4.9.2, GMP version 6.2.1, MPFR version 4.1.0, MPC version 1.2.1, isl version isl-0.24-GMP

GGC heuristics: --param ggc-min-expand=100 --param ggc-min-heapsize=131072
ignoring duplicate directory "/home/fresvel/.espressif/tools/xtensa-esp32-elf/esp-2022r1-RC1-11.2.0/xtensa-esp32-elf/bin/../lib/gcc/../../lib/gcc/xtensa-esp32-elf/11.2.0/include"
ignoring duplicate directory "/home/fresvel/.espressif/tools/xtensa-esp32-elf/esp-2022r1-RC1-11.2.0/xtensa-esp32-elf/bin/../lib/gcc/../../lib/gcc/xtensa-esp32-elf/11.2.0/include-fixed"
ignoring duplicate directory "/home/fresvel/.espressif/tools/xtensa-esp32-elf/esp-2022r1-RC1-11.2.0/xtensa-esp32-elf/bin/../lib/gcc/../../lib/gcc/xtensa-esp32-elf/11.2.0/../../../../xtensa-esp32-elf/sys-include"
ignoring duplicate directory "/home/fresvel/.espressif/tools/xtensa-esp32-elf/esp-2022r1-RC1-11.2.0/xtensa-esp32-elf/bin/../lib/gcc/../../lib/gcc/xtensa-esp32-elf/11.2.0/../../../../xtensa-esp32-elf/include"
#include "..." search starts here:
#include <...> search starts here:
 /home/fresvel/.espressif/tools/xtensa-esp32-elf/esp-2022r1-RC1-11.2.0/xtensa-esp32-elf/bin/../lib/gcc/xtensa-esp32-elf/11.2.0/include
 /home/fresvel/.espressif/tools/xtensa-esp32-elf/esp-2022r1-RC1-11.2.0/xtensa-esp32-elf/bin/../lib/gcc/xtensa-esp32-elf/11.2.0/include-fixed
 /home/fresvel/.espressif/tools/xtensa-esp32-elf/esp-2022r1-RC1-11.2.0/xtensa-esp32-elf/bin/../lib/gcc/xtensa-esp32-elf/11.2.0/../../../../xtensa-esp32-elf/sys-include
 /home/fresvel/.espressif/tools/xtensa-esp32-elf/esp-2022r1-RC1-11.2.0/xtensa-esp32-elf/bin/../lib/gcc/xtensa-esp32-elf/11.2.0/../../../../xtensa-esp32-elf/include
End of search list.
GNU C17 (crosstool-NG esp-2022r1-RC1) version 11.2.0 (xtensa-esp32-elf)
	compiled by GNU C version 4.9.2, GMP version 6.2.1, MPFR version 4.1.0, MPC version 1.2.1, isl version isl-0.24-GMP

GGC heuristics: --param ggc-min-expand=100 --param ggc-min-heapsize=131072
Compiler executable checksum: 8e5197d1123ed5d4dbbb44b526f24c8e
COLLECT_GCC_OPTIONS='-mlongcalls' '-Wno-frame-address' '-v' '-o' 'CMakeFiles/cmTC_f858f.dir/CMakeCCompilerABI.c.obj' '-c' '-dumpdir' 'CMakeFiles/cmTC_f858f.dir/'
 /home/fresvel/.espressif/tools/xtensa-esp32-elf/esp-2022r1-RC1-11.2.0/xtensa-esp32-elf/bin/../lib/gcc/xtensa-esp32-elf/11.2.0/../../../../xtensa-esp32-elf/bin/as --traditional-format --longcalls -o CMakeFiles/cmTC_f858f.dir/CMakeCCompilerABI.c.obj /tmp/cciqNXEg.s
COMPILER_PATH=/home/fresvel/.espressif/tools/xtensa-esp32-elf/esp-2022r1-RC1-11.2.0/xtensa-esp32-elf/bin/../libexec/gcc/xtensa-esp32-elf/11.2.0/:/home/fresvel/.espressif/tools/xtensa-esp32-elf/esp-2022r1-RC1-11.2.0/xtensa-esp32-elf/bin/../libexec/gcc/:/home/fresvel/.espressif/tools/xtensa-esp32-elf/esp-2022r1-RC1-11.2.0/xtensa-esp32-elf/bin/../lib/gcc/xtensa-esp32-elf/11.2.0/../../../../xtensa-esp32-elf/bin/
LIBRARY_PATH=/home/fresvel/.espressif/tools/xtensa-esp32-elf/esp-2022r1-RC1-11.2.0/xtensa-esp32-elf/bin/../lib/gcc/xtensa-esp32-elf/11.2.0/:/home/fresvel/.espressif/tools/xtensa-esp32-elf/esp-2022r1-RC1-11.2.0/xtensa-esp32-elf/bin/../lib/gcc/:/home/fresvel/.espressif/tools/xtensa-esp32-elf/esp-2022r1-RC1-11.2.0/xtensa-esp32-elf/bin/../lib/gcc/xtensa-esp32-elf/11.2.0/../../../../xtensa-esp32-elf/lib/
COLLECT_GCC_OPTIONS='-mlongcalls' '-Wno-frame-address' '-v' '-o' 'CMakeFiles/cmTC_f858f.dir/CMakeCCompilerABI.c.obj' '-c' '-dumpdir' 'CMakeFiles/cmTC_f858f.dir/CMakeCCompilerABI.c.'
[2/2] Linking C executable cmTC_f858f
Using built-in specs.
COLLECT_GCC=/home/fresvel/.espressif/tools/xtensa-esp32-elf/esp-2022r1-RC1-11.2.0/xtensa-esp32-elf/bin/xtensa-esp32-elf-gcc
COLLECT_LTO_WRAPPER=/home/fresvel/.espressif/tools/xtensa-esp32-elf/esp-2022r1-RC1-11.2.0/xtensa-esp32-elf/bin/../libexec/gcc/xtensa-esp32-elf/11.2.0/lto-wrapper
Target: xtensa-esp32-elf
Configured with: /builds/idf/crosstool-NG/.build/xtensa-esp32-elf/src/gcc/configure --build=x86_64-build_pc-linux-gnu --host=x86_64-build_pc-linux-gnu --target=xtensa-esp32-elf --prefix=/builds/idf/crosstool-NG/builds/xtensa-esp32-elf --exec_prefix=/builds/idf/crosstool-NG/builds/xtensa-esp32-elf --with-local-prefix=/builds/idf/crosstool-NG/builds/xtensa-esp32-elf/xtensa-esp32-elf --with-headers=/builds/idf/crosstool-NG/builds/xtensa-esp32-elf/xtensa-esp32-elf/include --with-newlib --enable-threads=no --disable-shared --with-pkgversion='crosstool-NG esp-2022r1-RC1' --disable-__cxa_atexit --enable-cxx-flags=-ffunction-sections --disable-libgomp --disable-libmudflap --disable-libmpx --disable-libssp --disable-libquadmath --disable-libquadmath-support --disable-libstdcxx-verbose --with-gmp=/builds/idf/crosstool-NG/.build/xtensa-esp32-elf/buildtools --with-mpfr=/builds/idf/crosstool-NG/.build/xtensa-esp32-elf/buildtools --with-mpc=/builds/idf/crosstool-NG/.build/xtensa-esp32-elf/buildtools --with-isl=/builds/idf/crosstool-NG/.build/xtensa-esp32-elf/buildtools --enable-lto --enable-target-optspace --without-long-double-128 --disable-nls --enable-multiarch --enable-languages=c,c++ --disable-libstdcxx-verbose --enable-threads=posix --enable-gcov-custom-rtio --enable-libstdcxx-time=yes
Thread model: posix
Supported LTO compression algorithms: zlib
gcc version 11.2.0 (crosstool-NG esp-2022r1-RC1) 
COMPILER_PATH=/home/fresvel/.espressif/tools/xtensa-esp32-elf/esp-2022r1-RC1-11.2.0/xtensa-esp32-elf/bin/../libexec/gcc/xtensa-esp32-elf/11.2.0/:/home/fresvel/.espressif/tools/xtensa-esp32-elf/esp-2022r1-RC1-11.2.0/xtensa-esp32-elf/bin/../libexec/gcc/:/home/fresvel/.espressif/tools/xtensa-esp32-elf/esp-2022r1-RC1-11.2.0/xtensa-esp32-elf/bin/../lib/gcc/xtensa-esp32-elf/11.2.0/../../../../xtensa-esp32-elf/bin/
LIBRARY_PATH=/home/fresvel/.espressif/tools/xtensa-esp32-elf/esp-2022r1-RC1-11.2.0/xtensa-esp32-elf/bin/../lib/gcc/xtensa-esp32-elf/11.2.0/:/home/fresvel/.espressif/tools/xtensa-esp32-elf/esp-2022r1-RC1-11.2.0/xtensa-esp32-elf/bin/../lib/gcc/:/home/fresvel/.espressif/tools/xtensa-esp32-elf/esp-2022r1-RC1-11.2.0/xtensa-esp32-elf/bin/../lib/gcc/xtensa-esp32-elf/11.2.0/../../../../xtensa-esp32-elf/lib/
COLLECT_GCC_OPTIONS='-mlongcalls' '-Wno-frame-address' '-v' '-o' 'cmTC_f858f' '-dumpdir' 'cmTC_f858f.'
 /home/fresvel/.espressif/tools/xtensa-esp32-elf/esp-2022r1-RC1-11.2.0/xtensa-esp32-elf/bin/../libexec/gcc/xtensa-esp32-elf/11.2.0/collect2 -plugin /home/fresvel/.espressif/tools/xtensa-esp32-elf/esp-2022r1-RC1-11.2.0/xtensa-esp32-elf/bin/../libexec/gcc/xtensa-esp32-elf/11.2.0/liblto_plugin.so -plugin-opt=/home/fresvel/.espressif/tools/xtensa-esp32-elf/esp-2022r1-RC1-11.2.0/xtensa-esp32-elf/bin/../libexec/gcc/xtensa-esp32-elf/11.2.0/lto-wrapper -plugin-opt=-fresolution=/tmp/ccDTyNcz.res -plugin-opt=-pass-through=-lgcc -plugin-opt=-pass-through=-lc -plugin-opt=-pass-through=-lnosys -plugin-opt=-pass-through=-lc -plugin-opt=-pass-through=-lgcc -o cmTC_f858f /home/fresvel/.espressif/tools/xtensa-esp32-elf/esp-2022r1-RC1-11.2.0/xtensa-esp32-elf/bin/../lib/gcc/xtensa-esp32-elf/11.2.0/../../../../xtensa-esp32-elf/lib/crt0.o /home/fresvel/.espressif/tools/xtensa-esp32-elf/esp-2022r1-RC1-11.2.0/xtensa-esp32-elf/bin/../lib/gcc/xtensa-esp32-elf/11.2.0/crti.o /home/fresvel/.espressif/tools/xtensa-esp32-elf/esp-2022r1-RC1-11.2.0/xtensa-esp32-elf/bin/../lib/gcc/xtensa-esp32-elf/11.2.0/crtbegin.o -L/home/fresvel/.espressif/tools/xtensa-esp32-elf/esp-2022r1-RC1-11.2.0/xtensa-esp32-elf/bin/../lib/gcc/xtensa-esp32-elf/11.2.0 -L/home/fresvel/.espressif/tools/xtensa-esp32-elf/esp-2022r1-RC1-11.2.0/xtensa-esp32-elf/bin/../lib/gcc -L/home/fresvel/.espressif/tools/xtensa-esp32-elf/esp-2022r1-RC1-11.2.0/xtensa-esp32-elf/bin/../lib/gcc/xtensa-esp32-elf/11.2.0/../../../../xtensa-esp32-elf/lib CMakeFiles/cmTC_f858f.dir/CMakeCCompilerABI.c.obj -lgcc -lc -lnosys -lc -lgcc /home/fresvel/.espressif/tools/xtensa-esp32-elf/esp-2022r1-RC1-11.2.0/xtensa-esp32-elf/bin/../lib/gcc/xtensa-esp32-elf/11.2.0/crtend.o /home/fresvel/.espressif/tools/xtensa-esp32-elf/esp-2022r1-RC1-11.2.0/xtensa-esp32-elf/bin/../lib/gcc/xtensa-esp32-elf/11.2.0/crtn.o
COLLECT_GCC_OPTIONS='-mlongcalls' '-Wno-frame-address' '-v' '-o' 'cmTC_f858f' '-dumpdir' 'cmTC_f858f.'



Parsed C implicit include dir info from above output: rv=done
  found start of include info
  found start of implicit include info
    add: [/home/fresvel/.espressif/tools/xtensa-esp32-elf/esp-2022r1-RC1-11.2.0/xtensa-esp32-elf/bin/../lib/gcc/xtensa-esp32-elf/11.2.0/include]
    add: [/home/fresvel/.espressif/tools/xtensa-esp32-elf/esp-2022r1-RC1-11.2.0/xtensa-esp32-elf/bin/../lib/gcc/xtensa-esp32-elf/11.2.0/include-fixed]
    add: [/home/fresvel/.espressif/tools/xtensa-esp32-elf/esp-2022r1-RC1-11.2.0/xtensa-esp32-elf/bin/../lib/gcc/xtensa-esp32-elf/11.2.0/../../../../xtensa-esp32-elf/sys-include]
    add: [/home/fresvel/.espressif/tools/xtensa-esp32-elf/esp-2022r1-RC1-11.2.0/xtensa-esp32-elf/bin/../lib/gcc/xtensa-esp32-elf/11.2.0/../../../../xtensa-esp32-elf/include]
  end of search list found
  collapse include dir [/home/fresvel/.espressif/tools/xtensa-esp32-elf/esp-2022r1-RC1-11.2.0/xtensa-esp32-elf/bin/../lib/gcc/xtensa-esp32-elf/11.2.0/include] ==> [/home/fresvel/.espressif/tools/xtensa-esp32-elf/esp-2022r1-RC1-11.2.0/xtensa-esp32-elf/lib/gcc/xtensa-esp32-elf/11.2.0/include]
  collapse include dir [/home/fresvel/.espressif/tools/xtensa-esp32-elf/esp-2022r1-RC1-11.2.0/xtensa-esp32-elf/bin/../lib/gcc/xtensa-esp32-elf/11.2.0/include-fixed] ==> [/home/fresvel/.espressif/tools/xtensa-esp32-elf/esp-2022r1-RC1-11.2.0/xtensa-esp32-elf/lib/gcc/xtensa-esp32-elf/11.2.0/include-fixed]
  collapse include dir [/home/fresvel/.espressif/tools/xtensa-esp32-elf/esp-2022r1-RC1-11.2.0/xtensa-esp32-elf/bin/../lib/gcc/xtensa-esp32-elf/11.2.0/../../../../xtensa-esp32-elf/sys-include] ==> [/home/fresvel/.espressif/tools/xtensa-esp32-elf/esp-2022r1-RC1-11.2.0/xtensa-esp32-elf/xtensa-esp32-elf/sys-include]
  collapse include dir [/home/fresvel/.espressif/tools/xtensa-esp32-elf/esp-2022r1-RC1-11.2.0/xtensa-esp32-elf/bin/../lib/gcc/xtensa-esp32-elf/11.2.0/../../../../xtensa-esp32-elf/include] ==> [/home/fresvel/.espressif/tools/xtensa-esp32-elf/esp-2022r1-RC1-11.2.0/xtensa-esp32-elf/xtensa-esp32-elf/include]
  implicit include dirs: [/home/fresvel/.espressif/tools/xtensa-esp32-elf/esp-2022r1-RC1-11.2.0/xtensa-esp32-elf/lib/gcc/xtensa-esp32-elf/11.2.0/include;/home/fresvel/.espressif/tools/xtensa-esp32-elf/esp-2022r1-RC1-11.2.0/xtensa-esp32-elf/lib/gcc/xtensa-esp32-elf/11.2.0/include-fixed;/home/fresvel/.espressif/tools/xtensa-esp32-elf/esp-2022r1-RC1-11.2.0/xtensa-esp32-elf/xtensa-esp32-elf/sys-include;/home/fresvel/.espressif/tools/xtensa-esp32-elf/esp-2022r1-RC1-11.2.0/xtensa-esp32-elf/xtensa-esp32-elf/include]


Parsed C implicit link information from above output:
  link line regex: [^( *|.*[/\])(xtensa-esp32-elf-ld|CMAKE_LINK_STARTFILE-NOTFOUND|([^/\]+-)?ld|collect2)[^/\]*( |$)]
  ignore line: [Change Dir: /home/fresvel/esp/Proyectos/ciclismo/build/CMakeFiles/CMakeTmp]
  ignore line: []
  ignore line: [Run Build Command(s):/usr/bin/ninja-build cmTC_f858f && [1/2] Building C object CMakeFiles/cmTC_f858f.dir/CMakeCCompilerABI.c.obj]
  ignore line: [Using built-in specs.]
  ignore line: [COLLECT_GCC=/home/fresvel/.espressif/tools/xtensa-esp32-elf/esp-2022r1-RC1-11.2.0/xtensa-esp32-elf/bin/xtensa-esp32-elf-gcc]
  ignore line: [Target: xtensa-esp32-elf]
  ignore line: [Configured with: /builds/idf/crosstool-NG/.build/xtensa-esp32-elf/src/gcc/configure --build=x86_64-build_pc-linux-gnu --host=x86_64-build_pc-linux-gnu --target=xtensa-esp32-elf --prefix=/builds/idf/crosstool-NG/builds/xtensa-esp32-elf --exec_prefix=/builds/idf/crosstool-NG/builds/xtensa-esp32-elf --with-local-prefix=/builds/idf/crosstool-NG/builds/xtensa-esp32-elf/xtensa-esp32-elf --with-headers=/builds/idf/crosstool-NG/builds/xtensa-esp32-elf/xtensa-esp32-elf/include --with-newlib --enable-threads=no --disable-shared --with-pkgversion='crosstool-NG esp-2022r1-RC1' --disable-__cxa_atexit --enable-cxx-flags=-ffunction-sections --disable-libgomp --disable-libmudflap --disable-libmpx --disable-libssp --disable-libquadmath --disable-libquadmath-support --disable-libstdcxx-verbose --with-gmp=/builds/idf/crosstool-NG/.build/xtensa-esp32-elf/buildtools --with-mpfr=/builds/idf/crosstool-NG/.build/xtensa-esp32-elf/buildtools --with-mpc=/builds/idf/crosstool-NG/.build/xtensa-esp32-elf/buildtools --with-isl=/builds/idf/crosstool-NG/.build/xtensa-esp32-elf/buildtools --enable-lto --enable-target-optspace --without-long-double-128 --disable-nls --enable-multiarch --enable-languages=c c++ --disable-libstdcxx-verbose --enable-threads=posix --enable-gcov-custom-rtio --enable-libstdcxx-time=yes]
  ignore line: [Thread model: posix]
  ignore line: [Supported LTO compression algorithms: zlib]
  ignore line: [gcc version 11.2.0 (crosstool-NG esp-2022r1-RC1) ]
  ignore line: [COLLECT_GCC_OPTIONS='-mlongcalls' '-Wno-frame-address' '-v' '-o' 'CMakeFiles/cmTC_f858f.dir/CMakeCCompilerABI.c.obj' '-c' '-dumpdir' 'CMakeFiles/cmTC_f858f.dir/']
  ignore line: [ /home/fresvel/.espressif/tools/xtensa-esp32-elf/esp-2022r1-RC1-11.2.0/xtensa-esp32-elf/bin/../libexec/gcc/xtensa-esp32-elf/11.2.0/cc1 -quiet -v -iprefix /home/fresvel/.espressif/tools/xtensa-esp32-elf/esp-2022r1-RC1-11.2.0/xtensa-esp32-elf/bin/../lib/gcc/xtensa-esp32-elf/11.2.0/ /usr/share/cmake/Modules/CMakeCCompilerABI.c -quiet -dumpdir CMakeFiles/cmTC_f858f.dir/ -dumpbase CMakeCCompilerABI.c.c -dumpbase-ext .c -mlongcalls -Wno-frame-address -version -o /tmp/cciqNXEg.s]
  ignore line: [GNU C17 (crosstool-NG esp-2022r1-RC1) version 11.2.0 (xtensa-esp32-elf)]
  ignore line: [	compiled by GNU C version 4.9.2  GMP version 6.2.1  MPFR version 4.1.0  MPC version 1.2.1  isl version isl-0.24-GMP]
  ignore line: []
  ignore line: [GGC heuristics: --param ggc-min-expand=100 --param ggc-min-heapsize=131072]
  ignore line: [ignoring duplicate directory "/home/fresvel/.espressif/tools/xtensa-esp32-elf/esp-2022r1-RC1-11.2.0/xtensa-esp32-elf/bin/../lib/gcc/../../lib/gcc/xtensa-esp32-elf/11.2.0/include"]
  ignore line: [ignoring duplicate directory "/home/fresvel/.espressif/tools/xtensa-esp32-elf/esp-2022r1-RC1-11.2.0/xtensa-esp32-elf/bin/../lib/gcc/../../lib/gcc/xtensa-esp32-elf/11.2.0/include-fixed"]
  ignore line: [ignoring duplicate directory "/home/fresvel/.espressif/tools/xtensa-esp32-elf/esp-2022r1-RC1-11.2.0/xtensa-esp32-elf/bin/../lib/gcc/../../lib/gcc/xtensa-esp32-elf/11.2.0/../../../../xtensa-esp32-elf/sys-include"]
  ignore line: [ignoring duplicate directory "/home/fresvel/.espressif/tools/xtensa-esp32-elf/esp-2022r1-RC1-11.2.0/xtensa-esp32-elf/bin/../lib/gcc/../../lib/gcc/xtensa-esp32-elf/11.2.0/../../../../xtensa-esp32-elf/include"]
  ignore line: [#include "..." search starts here:]
  ignore line: [#include <...> search starts here:]
  ignore line: [ /home/fresvel/.espressif/tools/xtensa-esp32-elf/esp-2022r1-RC1-11.2.0/xtensa-esp32-elf/bin/../lib/gcc/xtensa-esp32-elf/11.2.0/include]
  ignore line: [ /home/fresvel/.espressif/tools/xtensa-esp32-elf/esp-2022r1-RC1-11.2.0/xtensa-esp32-elf/bin/../lib/gcc/xtensa-esp32-elf/11.2.0/include-fixed]
  ignore line: [ /home/fresvel/.espressif/tools/xtensa-esp32-elf/esp-2022r1-RC1-11.2.0/xtensa-esp32-elf/bin/../lib/gcc/xtensa-esp32-elf/11.2.0/../../../../xtensa-esp32-elf/sys-include]
  ignore line: [ /home/fresvel/.espressif/tools/xtensa-esp32-elf/esp-2022r1-RC1-11.2.0/xtensa-esp32-elf/bin/../lib/gcc/xtensa-esp32-elf/11.2.0/../../../../xtensa-esp32-elf/include]
  ignore line: [End of search list.]
  ignore line: [GNU C17 (crosstool-NG esp-2022r1-RC1) version 11.2.0 (xtensa-esp32-elf)]
  ignore line: [	compiled by GNU C version 4.9.2  GMP version 6.2.1  MPFR version 4.1.0  MPC version 1.2.1  isl version isl-0.24-GMP]
  ignore line: []
  ignore line: [GGC heuristics: --param ggc-min-expand=100 --param ggc-min-heapsize=131072]
  ignore line: [Compiler executable checksum: 8e5197d1123ed5d4dbbb44b526f24c8e]
  ignore line: [COLLECT_GCC_OPTIONS='-mlongcalls' '-Wno-frame-address' '-v' '-o' 'CMakeFiles/cmTC_f858f.dir/CMakeCCompilerABI.c.obj' '-c' '-dumpdir' 'CMakeFiles/cmTC_f858f.dir/']
  ignore line: [ /home/fresvel/.espressif/tools/xtensa-esp32-elf/esp-2022r1-RC1-11.2.0/xtensa-esp32-elf/bin/../lib/gcc/xtensa-esp32-elf/11.2.0/../../../../xtensa-esp32-elf/bin/as --traditional-format --longcalls -o CMakeFiles/cmTC_f858f.dir/CMakeCCompilerABI.c.obj /tmp/cciqNXEg.s]
  ignore line: [COMPILER_PATH=/home/fresvel/.espressif/tools/xtensa-esp32-elf/esp-2022r1-RC1-11.2.0/xtensa-esp32-elf/bin/../libexec/gcc/xtensa-esp32-elf/11.2.0/:/home/fresvel/.espressif/tools/xtensa-esp32-elf/esp-2022r1-RC1-11.2.0/xtensa-esp32-elf/bin/../libexec/gcc/:/home/fresvel/.espressif/tools/xtensa-esp32-elf/esp-2022r1-RC1-11.2.0/xtensa-esp32-elf/bin/../lib/gcc/xtensa-esp32-elf/11.2.0/../../../../xtensa-esp32-elf/bin/]
  ignore line: [LIBRARY_PATH=/home/fresvel/.espressif/tools/xtensa-esp32-elf/esp-2022r1-RC1-11.2.0/xtensa-esp32-elf/bin/../lib/gcc/xtensa-esp32-elf/11.2.0/:/home/fresvel/.espressif/tools/xtensa-esp32-elf/esp-2022r1-RC1-11.2.0/xtensa-esp32-elf/bin/../lib/gcc/:/home/fresvel/.espressif/tools/xtensa-esp32-elf/esp-2022r1-RC1-11.2.0/xtensa-esp32-elf/bin/../lib/gcc/xtensa-esp32-elf/11.2.0/../../../../xtensa-esp32-elf/lib/]
  ignore line: [COLLECT_GCC_OPTIONS='-mlongcalls' '-Wno-frame-address' '-v' '-o' 'CMakeFiles/cmTC_f858f.dir/CMakeCCompilerABI.c.obj' '-c' '-dumpdir' 'CMakeFiles/cmTC_f858f.dir/CMakeCCompilerABI.c.']
  ignore line: [[2/2] Linking C executable cmTC_f858f]
  ignore line: [Using built-in specs.]
  ignore line: [COLLECT_GCC=/home/fresvel/.espressif/tools/xtensa-esp32-elf/esp-2022r1-RC1-11.2.0/xtensa-esp32-elf/bin/xtensa-esp32-elf-gcc]
  ignore line: [COLLECT_LTO_WRAPPER=/home/fresvel/.espressif/tools/xtensa-esp32-elf/esp-2022r1-RC1-11.2.0/xtensa-esp32-elf/bin/../libexec/gcc/xtensa-esp32-elf/11.2.0/lto-wrapper]
  ignore line: [Target: xtensa-esp32-elf]
  ignore line: [Configured with: /builds/idf/crosstool-NG/.build/xtensa-esp32-elf/src/gcc/configure --build=x86_64-build_pc-linux-gnu --host=x86_64-build_pc-linux-gnu --target=xtensa-esp32-elf --prefix=/builds/idf/crosstool-NG/builds/xtensa-esp32-elf --exec_prefix=/builds/idf/crosstool-NG/builds/xtensa-esp32-elf --with-local-prefix=/builds/idf/crosstool-NG/builds/xtensa-esp32-elf/xtensa-esp32-elf --with-headers=/builds/idf/crosstool-NG/builds/xtensa-esp32-elf/xtensa-esp32-elf/include --with-newlib --enable-threads=no --disable-shared --with-pkgversion='crosstool-NG esp-2022r1-RC1' --disable-__cxa_atexit --enable-cxx-flags=-ffunction-sections --disable-libgomp --disable-libmudflap --disable-libmpx --disable-libssp --disable-libquadmath --disable-libquadmath-support --disable-libstdcxx-verbose --with-gmp=/builds/idf/crosstool-NG/.build/xtensa-esp32-elf/buildtools --with-mpfr=/builds/idf/crosstool-NG/.build/xtensa-esp32-elf/buildtools --with-mpc=/builds/idf/crosstool-NG/.build/xtensa-esp32-elf/buildtools --with-isl=/builds/idf/crosstool-NG/.build/xtensa-esp32-elf/buildtools --enable-lto --enable-target-optspace --without-long-double-128 --disable-nls --enable-multiarch --enable-languages=c c++ --disable-libstdcxx-verbose --enable-threads=posix --enable-gcov-custom-rtio --enable-libstdcxx-time=yes]
  ignore line: [Thread model: posix]
  ignore line: [Supported LTO compression algorithms: zlib]
  ignore line: [gcc version 11.2.0 (crosstool-NG esp-2022r1-RC1) ]
  ignore line: [COMPILER_PATH=/home/fresvel/.espressif/tools/xtensa-esp32-elf/esp-2022r1-RC1-11.2.0/xtensa-esp32-elf/bin/../libexec/gcc/xtensa-esp32-elf/11.2.0/:/home/fresvel/.espressif/tools/xtensa-esp32-elf/esp-2022r1-RC1-11.2.0/xtensa-esp32-elf/bin/../libexec/gcc/:/home/fresvel/.espressif/tools/xtensa-esp32-elf/esp-2022r1-RC1-11.2.0/xtensa-esp32-elf/bin/../lib/gcc/xtensa-esp32-elf/11.2.0/../../../../xtensa-esp32-elf/bin/]
  ignore line: [LIBRARY_PATH=/home/fresvel/.espressif/tools/xtensa-esp32-elf/esp-2022r1-RC1-11.2.0/xtensa-esp32-elf/bin/../lib/gcc/xtensa-esp32-elf/11.2.0/:/home/fresvel/.espressif/tools/xtensa-esp32-elf/esp-2022r1-RC1-11.2.0/xtensa-esp32-elf/bin/../lib/gcc/:/home/fresvel/.espressif/tools/xtensa-esp32-elf/esp-2022r1-RC1-11.2.0/xtensa-esp32-elf/bin/../lib/gcc/xtensa-esp32-elf/11.2.0/../../../../xtensa-esp32-elf/lib/]
  ignore line: [COLLECT_GCC_OPTIONS='-mlongcalls' '-Wno-frame-address' '-v' '-o' 'cmTC_f858f' '-dumpdir' 'cmTC_f858f.']
  link line: [ /home/fresvel/.espressif/tools/xtensa-esp32-elf/esp-2022r1-RC1-11.2.0/xtensa-esp32-elf/bin/../libexec/gcc/xtensa-esp32-elf/11.2.0/collect2 -plugin /home/fresvel/.espressif/tools/xtensa-esp32-elf/esp-2022r1-RC1-11.2.0/xtensa-esp32-elf/bin/../libexec/gcc/xtensa-esp32-elf/11.2.0/liblto_plugin.so -plugin-opt=/home/fresvel/.espressif/tools/xtensa-esp32-elf/esp-2022r1-RC1-11.2.0/xtensa-esp32-elf/bin/../libexec/gcc/xtensa-esp32-elf/11.2.0/lto-wrapper -plugin-opt=-fresolution=/tmp/ccDTyNcz.res -plugin-opt=-pass-through=-lgcc -plugin-opt=-pass-through=-lc -plugin-opt=-pass-through=-lnosys -plugin-opt=-pass-through=-lc -plugin-opt=-pass-through=-lgcc -o cmTC_f858f /home/fresvel/.espressif/tools/xtensa-esp32-elf/esp-2022r1-RC1-11.2.0/xtensa-esp32-elf/bin/../lib/gcc/xtensa-esp32-elf/11.2.0/../../../../xtensa-esp32-elf/lib/crt0.o /home/fresvel/.espressif/tools/xtensa-esp32-elf/esp-2022r1-RC1-11.2.0/xtensa-esp32-elf/bin/../lib/gcc/xtensa-esp32-elf/11.2.0/crti.o /home/fresvel/.espressif/tools/xtensa-esp32-elf/esp-2022r1-RC1-11.2.0/xtensa-esp32-elf/bin/../lib/gcc/xtensa-esp32-elf/11.2.0/crtbegin.o -L/home/fresvel/.espressif/tools/xtensa-esp32-elf/esp-2022r1-RC1-11.2.0/xtensa-esp32-elf/bin/../lib/gcc/xtensa-esp32-elf/11.2.0 -L/home/fresvel/.espressif/tools/xtensa-esp32-elf/esp-2022r1-RC1-11.2.0/xtensa-esp32-elf/bin/../lib/gcc -L/home/fresvel/.espressif/tools/xtensa-esp32-elf/esp-2022r1-RC1-11.2.0/xtensa-esp32-elf/bin/../lib/gcc/xtensa-esp32-elf/11.2.0/../../../../xtensa-esp32-elf/lib CMakeFiles/cmTC_f858f.dir/CMakeCCompilerABI.c.obj -lgcc -lc -lnosys -lc -lgcc /home/fresvel/.espressif/tools/xtensa-esp32-elf/esp-2022r1-RC1-11.2.0/xtensa-esp32-elf/bin/../lib/gcc/xtensa-esp32-elf/11.2.0/crtend.o /home/fresvel/.espressif/tools/xtensa-esp32-elf/esp-2022r1-RC1-11.2.0/xtensa-esp32-elf/bin/../lib/gcc/xtensa-esp32-elf/11.2.0/crtn.o]
    arg [/home/fresvel/.espressif/tools/xtensa-esp32-elf/esp-2022r1-RC1-11.2.0/xtensa-esp32-elf/bin/../libexec/gcc/xtensa-esp32-elf/11.2.0/collect2] ==> ignore
    arg [-plugin] ==> ignore
    arg [/home/fresvel/.espressif/tools/xtensa-esp32-elf/esp-2022r1-RC1-11.2.0/xtensa-esp32-elf/bin/../libexec/gcc/xtensa-esp32-elf/11.2.0/liblto_plugin.so] ==> ignore
    arg [-plugin-opt=/home/fresvel/.espressif/tools/xtensa-esp32-elf/esp-2022r1-RC1-11.2.0/xtensa-esp32-elf/bin/../libexec/gcc/xtensa-esp32-elf/11.2.0/lto-wrapper] ==> ignore
    arg [-plugin-opt=-fresolution=/tmp/ccDTyNcz.res] ==> ignore
    arg [-plugin-opt=-pass-through=-lgcc] ==> ignore
    arg [-plugin-opt=-pass-through=-lc] ==> ignore
    arg [-plugin-opt=-pass-through=-lnosys] ==> ignore
    arg [-plugin-opt=-pass-through=-lc] ==> ignore
    arg [-plugin-opt=-pass-through=-lgcc] ==> ignore
    arg [-o] ==> ignore
    arg [cmTC_f858f] ==> ignore
    arg [/home/fresvel/.espressif/tools/xtensa-esp32-elf/esp-2022r1-RC1-11.2.0/xtensa-esp32-elf/bin/../lib/gcc/xtensa-esp32-elf/11.2.0/../../../../xtensa-esp32-elf/lib/crt0.o] ==> obj [/home/fresvel/.espressif/tools/xtensa-esp32-elf/esp-2022r1-RC1-11.2.0/xtensa-esp32-elf/bin/../lib/gcc/xtensa-esp32-elf/11.2.0/../../../../xtensa-esp32-elf/lib/crt0.o]
    arg [/home/fresvel/.espressif/tools/xtensa-esp32-elf/esp-2022r1-RC1-11.2.0/xtensa-esp32-elf/bin/../lib/gcc/xtensa-esp32-elf/11.2.0/crti.o] ==> obj [/home/fresvel/.espressif/tools/xtensa-esp32-elf/esp-2022r1-RC1-11.2.0/xtensa-esp32-elf/bin/../lib/gcc/xtensa-esp32-elf/11.2.0/crti.o]
    arg [/home/fresvel/.espressif/tools/xtensa-esp32-elf/esp-2022r1-RC1-11.2.0/xtensa-esp32-elf/bin/../lib/gcc/xtensa-esp32-elf/11.2.0/crtbegin.o] ==> obj [/home/fresvel/.espressif/tools/xtensa-esp32-elf/esp-2022r1-RC1-11.2.0/xtensa-esp32-elf/bin/../lib/gcc/xtensa-esp32-elf/11.2.0/crtbegin.o]
    arg [-L/home/fresvel/.espressif/tools/xtensa-esp32-elf/esp-2022r1-RC1-11.2.0/xtensa-esp32-elf/bin/../lib/gcc/xtensa-esp32-elf/11.2.0] ==> dir [/home/fresvel/.espressif/tools/xtensa-esp32-elf/esp-2022r1-RC1-11.2.0/xtensa-esp32-elf/bin/../lib/gcc/xtensa-esp32-elf/11.2.0]
    arg [-L/home/fresvel/.espressif/tools/xtensa-esp32-elf/esp-2022r1-RC1-11.2.0/xtensa-esp32-elf/bin/../lib/gcc] ==> dir [/home/fresvel/.espressif/tools/xtensa-esp32-elf/esp-2022r1-RC1-11.2.0/xtensa-esp32-elf/bin/../lib/gcc]
    arg [-L/home/fresvel/.espressif/tools/xtensa-esp32-elf/esp-2022r1-RC1-11.2.0/xtensa-esp32-elf/bin/../lib/gcc/xtensa-esp32-elf/11.2.0/../../../../xtensa-esp32-elf/lib] ==> dir [/home/fresvel/.espressif/tools/xtensa-esp32-elf/esp-2022r1-RC1-11.2.0/xtensa-esp32-elf/bin/../lib/gcc/xtensa-esp32-elf/11.2.0/../../../../xtensa-esp32-elf/lib]
    arg [CMakeFiles/cmTC_f858f.dir/CMakeCCompilerABI.c.obj] ==> ignore
    arg [-lgcc] ==> lib [gcc]
    arg [-lc] ==> lib [c]
    arg [-lnosys] ==> lib [nosys]
    arg [-lc] ==> lib [c]
    arg [-lgcc] ==> lib [gcc]
    arg [/home/fresvel/.espressif/tools/xtensa-esp32-elf/esp-2022r1-RC1-11.2.0/xtensa-esp32-elf/bin/../lib/gcc/xtensa-esp32-elf/11.2.0/crtend.o] ==> obj [/home/fresvel/.espressif/tools/xtensa-esp32-elf/esp-2022r1-RC1-11.2.0/xtensa-esp32-elf/bin/../lib/gcc/xtensa-esp32-elf/11.2.0/crtend.o]
    arg [/home/fresvel/.espressif/tools/xtensa-esp32-elf/esp-2022r1-RC1-11.2.0/xtensa-esp32-elf/bin/../lib/gcc/xtensa-esp32-elf/11.2.0/crtn.o] ==> obj [/home/fresvel/.espressif/tools/xtensa-esp32-elf/esp-2022r1-RC1-11.2.0/xtensa-esp32-elf/bin/../lib/gcc/xtensa-esp32-elf/11.2.0/crtn.o]
  collapse obj [/home/fresvel/.espressif/tools/xtensa-esp32-elf/esp-2022r1-RC1-11.2.0/xtensa-esp32-elf/bin/../lib/gcc/xtensa-esp32-elf/11.2.0/../../../../xtensa-esp32-elf/lib/crt0.o] ==> [/home/fresvel/.espressif/tools/xtensa-esp32-elf/esp-2022r1-RC1-11.2.0/xtensa-esp32-elf/xtensa-esp32-elf/lib/crt0.o]
  collapse obj [/home/fresvel/.espressif/tools/xtensa-esp32-elf/esp-2022r1-RC1-11.2.0/xtensa-esp32-elf/bin/../lib/gcc/xtensa-esp32-elf/11.2.0/crti.o] ==> [/home/fresvel/.espressif/tools/xtensa-esp32-elf/esp-2022r1-RC1-11.2.0/xtensa-esp32-elf/lib/gcc/xtensa-esp32-elf/11.2.0/crti.o]
  collapse obj [/home/fresvel/.espressif/tools/xtensa-esp32-elf/esp-2022r1-RC1-11.2.0/xtensa-esp32-elf/bin/../lib/gcc/xtensa-esp32-elf/11.2.0/crtbegin.o] ==> [/home/fresvel/.espressif/tools/xtensa-esp32-elf/esp-2022r1-RC1-11.2.0/xtensa-esp32-elf/lib/gcc/xtensa-esp32-elf/11.2.0/crtbegin.o]
  collapse obj [/home/fresvel/.espressif/tools/xtensa-esp32-elf/esp-2022r1-RC1-11.2.0/xtensa-esp32-elf/bin/../lib/gcc/xtensa-esp32-elf/11.2.0/crtend.o] ==> [/home/fresvel/.espressif/tools/xtensa-esp32-elf/esp-2022r1-RC1-11.2.0/xtensa-esp32-elf/lib/gcc/xtensa-esp32-elf/11.2.0/crtend.o]
  collapse obj [/home/fresvel/.espressif/tools/xtensa-esp32-elf/esp-2022r1-RC1-11.2.0/xtensa-esp32-elf/bin/../lib/gcc/xtensa-esp32-elf/11.2.0/crtn.o] ==> [/home/fresvel/.espressif/tools/xtensa-esp32-elf/esp-2022r1-RC1-11.2.0/xtensa-esp32-elf/lib/gcc/xtensa-esp32-elf/11.2.0/crtn.o]
  collapse library dir [/home/fresvel/.espressif/tools/xtensa-esp32-elf/esp-2022r1-RC1-11.2.0/xtensa-esp32-elf/bin/../lib/gcc/xtensa-esp32-elf/11.2.0] ==> [/home/fresvel/.espressif/tools/xtensa-esp32-elf/esp-2022r1-RC1-11.2.0/xtensa-esp32-elf/lib/gcc/xtensa-esp32-elf/11.2.0]
  collapse library dir [/home/fresvel/.espressif/tools/xtensa-esp32-elf/esp-2022r1-RC1-11.2.0/xtensa-esp32-elf/bin/../lib/gcc] ==> [/home/fresvel/.espressif/tools/xtensa-esp32-elf/esp-2022r1-RC1-11.2.0/xtensa-esp32-elf/lib/gcc]
  collapse library dir [/home/fresvel/.espressif/tools/xtensa-esp32-elf/esp-2022r1-RC1-11.2.0/xtensa-esp32-elf/bin/../lib/gcc/xtensa-esp32-elf/11.2.0/../../../../xtensa-esp32-elf/lib] ==> [/home/fresvel/.espressif/tools/xtensa-esp32-elf/esp-2022r1-RC1-11.2.0/xtensa-esp32-elf/xtensa-esp32-elf/lib]
  implicit libs: [gcc;c;nosys;c;gcc]
  implicit objs: [/home/fresvel/.espressif/tools/xtensa-esp32-elf/esp-2022r1-RC1-11.2.0/xtensa-esp32-elf/xtensa-esp32-elf/lib/crt0.o;/home/fresvel/.espressif/tools/xtensa-esp32-elf/esp-2022r1-RC1-11.2.0/xtensa-esp32-elf/lib/gcc/xtensa-esp32-elf/11.2.0/crti.o;/home/fresvel/.espressif/tools/xtensa-esp32-elf/esp-2022r1-RC1-11.2.0/xtensa-esp32-elf/lib/gcc/xtensa-esp32-elf/11.2.0/crtbegin.o;/home/fresvel/.espressif/tools/xtensa-esp32-elf/esp-2022r1-RC1-11.2.0/xtensa-esp32-elf/lib/gcc/xtensa-esp32-elf/11.2.0/crtend.o;/home/fresvel/.espressif/tools/xtensa-esp32-elf/esp-2022r1-RC1-11.2.0/xtensa-esp32-elf/lib/gcc/xtensa-esp32-elf/11.2.0/crtn.o]
  implicit dirs: [/home/fresvel/.espressif/tools/xtensa-esp32-elf/esp-2022r1-RC1-11.2.0/xtensa-esp32-elf/lib/gcc/xtensa-esp32-elf/11.2.0;/home/fresvel/.espressif/tools/xtensa-esp32-elf/esp-2022r1-RC1-11.2.0/xtensa-esp32-elf/lib/gcc;/home/fresvel/.espressif/tools/xtensa-esp32-elf/esp-2022r1-RC1-11.2.0/xtensa-esp32-elf/xtensa-esp32-elf/lib]
  implicit fwks: []


Detecting CXX compiler ABI info compiled with the following output:
Change Dir: /home/fresvel/esp/Proyectos/ciclismo/build/CMakeFiles/CMakeTmp

Run Build Command(s):/usr/bin/ninja-build cmTC_2e8ef && [1/2] Building CXX object CMakeFiles/cmTC_2e8ef.dir/CMakeCXXCompilerABI.cpp.obj
Using built-in specs.
COLLECT_GCC=/home/fresvel/.espressif/tools/xtensa-esp32-elf/esp-2022r1-RC1-11.2.0/xtensa-esp32-elf/bin/xtensa-esp32-elf-g++
Target: xtensa-esp32-elf
Configured with: /builds/idf/crosstool-NG/.build/xtensa-esp32-elf/src/gcc/configure --build=x86_64-build_pc-linux-gnu --host=x86_64-build_pc-linux-gnu --target=xtensa-esp32-elf --prefix=/builds/idf/crosstool-NG/builds/xtensa-esp32-elf --exec_prefix=/builds/idf/crosstool-NG/builds/xtensa-esp32-elf --with-local-prefix=/builds/idf/crosstool-NG/builds/xtensa-esp32-elf/xtensa-esp32-elf --with-headers=/builds/idf/crosstool-NG/builds/xtensa-esp32-elf/xtensa-esp32-elf/include --with-newlib --enable-threads=no --disable-shared --with-pkgversion='crosstool-NG esp-2022r1-RC1' --disable-__cxa_atexit --enable-cxx-flags=-ffunction-sections --disable-libgomp --disable-libmudflap --disable-libmpx --disable-libssp --disable-libquadmath --disable-libquadmath-support --disable-libstdcxx-verbose --with-gmp=/builds/idf/crosstool-NG/.build/xtensa-esp32-elf/buildtools --with-mpfr=/builds/idf/crosstool-NG/.build/xtensa-esp32-elf/buildtools --with-mpc=/builds/idf/crosstool-NG/.build/xtensa-esp32-elf/buildtools --with-isl=/builds/idf/crosstool-NG/.build/xtensa-esp32-elf/buildtools --enable-lto --enable-target-optspace --without-long-double-128 --disable-nls --enable-multiarch --enable-languages=c,c++ --disable-libstdcxx-verbose --enable-threads=posix --enable-gcov-custom-rtio --enable-libstdcxx-time=yes
Thread model: posix
Supported LTO compression algorithms: zlib
gcc version 11.2.0 (crosstool-NG esp-2022r1-RC1) 
COLLECT_GCC_OPTIONS='-mlongcalls' '-Wno-frame-address' '-v' '-o' 'CMakeFiles/cmTC_2e8ef.dir/CMakeCXXCompilerABI.cpp.obj' '-c' '-dumpdir' 'CMakeFiles/cmTC_2e8ef.dir/'
 /home/fresvel/.espressif/tools/xtensa-esp32-elf/esp-2022r1-RC1-11.2.0/xtensa-esp32-elf/bin/../libexec/gcc/xtensa-esp32-elf/11.2.0/cc1plus -quiet -v -iprefix /home/fresvel/.espressif/tools/xtensa-esp32-elf/esp-2022r1-RC1-11.2.0/xtensa-esp32-elf/bin/../lib/gcc/xtensa-esp32-elf/11.2.0/ /usr/share/cmake/Modules/CMakeCXXCompilerABI.cpp -quiet -dumpdir CMakeFiles/cmTC_2e8ef.dir/ -dumpbase CMakeCXXCompilerABI.cpp.cpp -dumpbase-ext .cpp -mlongcalls -Wno-frame-address -version -o /tmp/ccTf7tFf.s
GNU C++17 (crosstool-NG esp-2022r1-RC1) version 11.2.0 (xtensa-esp32-elf)
	compiled by GNU C version 4.9.2, GMP version 6.2.1, MPFR version 4.1.0, MPC version 1.2.1, isl version isl-0.24-GMP

GGC heuristics: --param ggc-min-expand=100 --param ggc-min-heapsize=131072
ignoring duplicate directory "/home/fresvel/.espressif/tools/xtensa-esp32-elf/esp-2022r1-RC1-11.2.0/xtensa-esp32-elf/bin/../lib/gcc/../../lib/gcc/xtensa-esp32-elf/11.2.0/../../../../xtensa-esp32-elf/include/c++/11.2.0"
ignoring duplicate directory "/home/fresvel/.espressif/tools/xtensa-esp32-elf/esp-2022r1-RC1-11.2.0/xtensa-esp32-elf/bin/../lib/gcc/../../lib/gcc/xtensa-esp32-elf/11.2.0/../../../../xtensa-esp32-elf/include/c++/11.2.0/xtensa-esp32-elf"
ignoring duplicate directory "/home/fresvel/.espressif/tools/xtensa-esp32-elf/esp-2022r1-RC1-11.2.0/xtensa-esp32-elf/bin/../lib/gcc/../../lib/gcc/xtensa-esp32-elf/11.2.0/../../../../xtensa-esp32-elf/include/c++/11.2.0/backward"
ignoring duplicate directory "/home/fresvel/.espressif/tools/xtensa-esp32-elf/esp-2022r1-RC1-11.2.0/xtensa-esp32-elf/bin/../lib/gcc/../../lib/gcc/xtensa-esp32-elf/11.2.0/include"
ignoring duplicate directory "/home/fresvel/.espressif/tools/xtensa-esp32-elf/esp-2022r1-RC1-11.2.0/xtensa-esp32-elf/bin/../lib/gcc/../../lib/gcc/xtensa-esp32-elf/11.2.0/include-fixed"
ignoring duplicate directory "/home/fresvel/.espressif/tools/xtensa-esp32-elf/esp-2022r1-RC1-11.2.0/xtensa-esp32-elf/bin/../lib/gcc/../../lib/gcc/xtensa-esp32-elf/11.2.0/../../../../xtensa-esp32-elf/sys-include"
ignoring duplicate directory "/home/fresvel/.espressif/tools/xtensa-esp32-elf/esp-2022r1-RC1-11.2.0/xtensa-esp32-elf/bin/../lib/gcc/../../lib/gcc/xtensa-esp32-elf/11.2.0/../../../../xtensa-esp32-elf/include"
#include "..." search starts here:
#include <...> search starts here:
 /home/fresvel/.espressif/tools/xtensa-esp32-elf/esp-2022r1-RC1-11.2.0/xtensa-esp32-elf/bin/../lib/gcc/xtensa-esp32-elf/11.2.0/../../../../xtensa-esp32-elf/include/c++/11.2.0
 /home/fresvel/.espressif/tools/xtensa-esp32-elf/esp-2022r1-RC1-11.2.0/xtensa-esp32-elf/bin/../lib/gcc/xtensa-esp32-elf/11.2.0/../../../../xtensa-esp32-elf/include/c++/11.2.0/xtensa-esp32-elf
 /home/fresvel/.espressif/tools/xtensa-esp32-elf/esp-2022r1-RC1-11.2.0/xtensa-esp32-elf/bin/../lib/gcc/xtensa-esp32-elf/11.2.0/../../../../xtensa-esp32-elf/include/c++/11.2.0/backward
 /home/fresvel/.espressif/tools/xtensa-esp32-elf/esp-2022r1-RC1-11.2.0/xtensa-esp32-elf/bin/../lib/gcc/xtensa-esp32-elf/11.2.0/include
 /home/fresvel/.espressif/tools/xtensa-esp32-elf/esp-2022r1-RC1-11.2.0/xtensa-esp32-elf/bin/../lib/gcc/xtensa-esp32-elf/11.2.0/include-fixed
 /home/fresvel/.espressif/tools/xtensa-esp32-elf/esp-2022r1-RC1-11.2.0/xtensa-esp32-elf/bin/../lib/gcc/xtensa-esp32-elf/11.2.0/../../../../xtensa-esp32-elf/sys-include
 /home/fresvel/.espressif/tools/xtensa-esp32-elf/esp-2022r1-RC1-11.2.0/xtensa-esp32-elf/bin/../lib/gcc/xtensa-esp32-elf/11.2.0/../../../../xtensa-esp32-elf/include
End of search list.
GNU C++17 (crosstool-NG esp-2022r1-RC1) version 11.2.0 (xtensa-esp32-elf)
	compiled by GNU C version 4.9.2, GMP version 6.2.1, MPFR version 4.1.0, MPC version 1.2.1, isl version isl-0.24-GMP

GGC heuristics: --param ggc-min-expand=100 --param ggc-min-heapsize=131072
Compiler executable checksum: 902862fc8915f79a1a5c24e996c9d4be
COLLECT_GCC_OPTIONS='-mlongcalls' '-Wno-frame-address' '-v' '-o' 'CMakeFiles/cmTC_2e8ef.dir/CMakeCXXCompilerABI.cpp.obj' '-c' '-dumpdir' 'CMakeFiles/cmTC_2e8ef.dir/'
 /home/fresvel/.espressif/tools/xtensa-esp32-elf/esp-2022r1-RC1-11.2.0/xtensa-esp32-elf/bin/../lib/gcc/xtensa-esp32-elf/11.2.0/../../../../xtensa-esp32-elf/bin/as --traditional-format --longcalls -o CMakeFiles/cmTC_2e8ef.dir/CMakeCXXCompilerABI.cpp.obj /tmp/ccTf7tFf.s
COMPILER_PATH=/home/fresvel/.espressif/tools/xtensa-esp32-elf/esp-2022r1-RC1-11.2.0/xtensa-esp32-elf/bin/../libexec/gcc/xtensa-esp32-elf/11.2.0/:/home/fresvel/.espressif/tools/xtensa-esp32-elf/esp-2022r1-RC1-11.2.0/xtensa-esp32-elf/bin/../libexec/gcc/:/home/fresvel/.espressif/tools/xtensa-esp32-elf/esp-2022r1-RC1-11.2.0/xtensa-esp32-elf/bin/../lib/gcc/xtensa-esp32-elf/11.2.0/../../../../xtensa-esp32-elf/bin/
LIBRARY_PATH=/home/fresvel/.espressif/tools/xtensa-esp32-elf/esp-2022r1-RC1-11.2.0/xtensa-esp32-elf/bin/../lib/gcc/xtensa-esp32-elf/11.2.0/:/home/fresvel/.espressif/tools/xtensa-esp32-elf/esp-2022r1-RC1-11.2.0/xtensa-esp32-elf/bin/../lib/gcc/:/home/fresvel/.espressif/tools/xtensa-esp32-elf/esp-2022r1-RC1-11.2.0/xtensa-esp32-elf/bin/../lib/gcc/xtensa-esp32-elf/11.2.0/../../../../xtensa-esp32-elf/lib/
COLLECT_GCC_OPTIONS='-mlongcalls' '-Wno-frame-address' '-v' '-o' 'CMakeFiles/cmTC_2e8ef.dir/CMakeCXXCompilerABI.cpp.obj' '-c' '-dumpdir' 'CMakeFiles/cmTC_2e8ef.dir/CMakeCXXCompilerABI.cpp.'
[2/2] Linking CXX executable cmTC_2e8ef
Using built-in specs.
COLLECT_GCC=/home/fresvel/.espressif/tools/xtensa-esp32-elf/esp-2022r1-RC1-11.2.0/xtensa-esp32-elf/bin/xtensa-esp32-elf-g++
COLLECT_LTO_WRAPPER=/home/fresvel/.espressif/tools/xtensa-esp32-elf/esp-2022r1-RC1-11.2.0/xtensa-esp32-elf/bin/../libexec/gcc/xtensa-esp32-elf/11.2.0/lto-wrapper
Target: xtensa-esp32-elf
Configured with: /builds/idf/crosstool-NG/.build/xtensa-esp32-elf/src/gcc/configure --build=x86_64-build_pc-linux-gnu --host=x86_64-build_pc-linux-gnu --target=xtensa-esp32-elf --prefix=/builds/idf/crosstool-NG/builds/xtensa-esp32-elf --exec_prefix=/builds/idf/crosstool-NG/builds/xtensa-esp32-elf --with-local-prefix=/builds/idf/crosstool-NG/builds/xtensa-esp32-elf/xtensa-esp32-elf --with-headers=/builds/idf/crosstool-NG/builds/xtensa-esp32-elf/xtensa-esp32-elf/include --with-newlib --enable-threads=no --disable-shared --with-pkgversion='crosstool-NG esp-2022r1-RC1' --disable-__cxa_atexit --enable-cxx-flags=-ffunction-sections --disable-libgomp --disable-libmudflap --disable-libmpx --disable-libssp --disable-libquadmath --disable-libquadmath-support --disable-libstdcxx-verbose --with-gmp=/builds/idf/crosstool-NG/.build/xtensa-esp32-elf/buildtools --with-mpfr=/builds/idf/crosstool-NG/.build/xtensa-esp32-elf/buildtools --with-mpc=/builds/idf/crosstool-NG/.build/xtensa-esp32-elf/buildtools --with-isl=/builds/idf/crosstool-NG/.build/xtensa-esp32-elf/buildtools --enable-lto --enable-target-optspace --without-long-double-128 --disable-nls --enable-multiarch --enable-languages=c,c++ --disable-libstdcxx-verbose --enable-threads=posix --enable-gcov-custom-rtio --enable-libstdcxx-time=yes
Thread model: posix
Supported LTO compression algorithms: zlib
gcc version 11.2.0 (crosstool-NG esp-2022r1-RC1) 
COMPILER_PATH=/home/fresvel/.espressif/tools/xtensa-esp32-elf/esp-2022r1-RC1-11.2.0/xtensa-esp32-elf/bin/../libexec/gcc/xtensa-esp32-elf/11.2.0/:/home/fresvel/.espressif/tools/xtensa-esp32-elf/esp-2022r1-RC1-11.2.0/xtensa-esp32-elf/bin/../libexec/gcc/:/home/fresvel/.espressif/tools/xtensa-esp32-elf/esp-2022r1-RC1-11.2.0/xtensa-esp32-elf/bin/../lib/gcc/xtensa-esp32-elf/11.2.0/../../../../xtensa-esp32-elf/bin/
LIBRARY_PATH=/home/fresvel/.espressif/tools/xtensa-esp32-elf/esp-2022r1-RC1-11.2.0/xtensa-esp32-elf/bin/../lib/gcc/xtensa-esp32-elf/11.2.0/:/home/fresvel/.espressif/tools/xtensa-esp32-elf/esp-2022r1-RC1-11.2.0/xtensa-esp32-elf/bin/../lib/gcc/:/home/fresvel/.espressif/tools/xtensa-esp32-elf/esp-2022r1-RC1-11.2.0/xtensa-esp32-elf/bin/../lib/gcc/xtensa-esp32-elf/11.2.0/../../../../xtensa-esp32-elf/lib/
COLLECT_GCC_OPTIONS='-mlongcalls' '-Wno-frame-address' '-v' '-o' 'cmTC_2e8ef' '-dumpdir' 'cmTC_2e8ef.'
 /home/fresvel/.espressif/tools/xtensa-esp32-elf/esp-2022r1-RC1-11.2.0/xtensa-esp32-elf/bin/../libexec/gcc/xtensa-esp32-elf/11.2.0/collect2 -plugin /home/fresvel/.espressif/tools/xtensa-esp32-elf/esp-2022r1-RC1-11.2.0/xtensa-esp32-elf/bin/../libexec/gcc/xtensa-esp32-elf/11.2.0/liblto_plugin.so -plugin-opt=/home/fresvel/.espressif/tools/xtensa-esp32-elf/esp-2022r1-RC1-11.2.0/xtensa-esp32-elf/bin/../libexec/gcc/xtensa-esp32-elf/11.2.0/lto-wrapper -plugin-opt=-fresolution=/tmp/ccMF2lHJ.res -plugin-opt=-pass-through=-lgcc -plugin-opt=-pass-through=-lc -plugin-opt=-pass-through=-lnosys -plugin-opt=-pass-through=-lc -plugin-opt=-pass-through=-lgcc -o cmTC_2e8ef /home/fresvel/.espressif/tools/xtensa-esp32-elf/esp-2022r1-RC1-11.2.0/xtensa-esp32-elf/bin/../lib/gcc/xtensa-esp32-elf/11.2.0/../../../../xtensa-esp32-elf/lib/crt0.o /home/fresvel/.espressif/tools/xtensa-esp32-elf/esp-2022r1-RC1-11.2.0/xtensa-esp32-elf/bin/../lib/gcc/xtensa-esp32-elf/11.2.0/crti.o /home/fresvel/.espressif/tools/xtensa-esp32-elf/esp-2022r1-RC1-11.2.0/xtensa-esp32-elf/bin/../lib/gcc/xtensa-esp32-elf/11.2.0/crtbegin.o -L/home/fresvel/.espressif/tools/xtensa-esp32-elf/esp-2022r1-RC1-11.2.0/xtensa-esp32-elf/bin/../lib/gcc/xtensa-esp32-elf/11.2.0 -L/home/fresvel/.espressif/tools/xtensa-esp32-elf/esp-2022r1-RC1-11.2.0/xtensa-esp32-elf/bin/../lib/gcc -L/home/fresvel/.espressif/tools/xtensa-esp32-elf/esp-2022r1-RC1-11.2.0/xtensa-esp32-elf/bin/../lib/gcc/xtensa-esp32-elf/11.2.0/../../../../xtensa-esp32-elf/lib CMakeFiles/cmTC_2e8ef.dir/CMakeCXXCompilerABI.cpp.obj -lstdc++ -lm -lgcc -lc -lnosys -lc -lgcc /home/fresvel/.espressif/tools/xtensa-esp32-elf/esp-2022r1-RC1-11.2.0/xtensa-esp32-elf/bin/../lib/gcc/xtensa-esp32-elf/11.2.0/crtend.o /home/fresvel/.espressif/tools/xtensa-esp32-elf/esp-2022r1-RC1-11.2.0/xtensa-esp32-elf/bin/../lib/gcc/xtensa-esp32-elf/11.2.0/crtn.o
COLLECT_GCC_OPTIONS='-mlongcalls' '-Wno-frame-address' '-v' '-o' 'cmTC_2e8ef' '-dumpdir' 'cmTC_2e8ef.'



Parsed CXX implicit include dir info from above output: rv=done
  found start of include info
  found start of implicit include info
    add: [/home/fresvel/.espressif/tools/xtensa-esp32-elf/esp-2022r1-RC1-11.2.0/xtensa-esp32-elf/bin/../lib/gcc/xtensa-esp32-elf/11.2.0/../../../../xtensa-esp32-elf/include/c++/11.2.0]
    add: [/home/fresvel/.espressif/tools/xtensa-esp32-elf/esp-2022r1-RC1-11.2.0/xtensa-esp32-elf/bin/../lib/gcc/xtensa-esp32-elf/11.2.0/../../../../xtensa-esp32-elf/include/c++/11.2.0/xtensa-esp32-elf]
    add: [/home/fresvel/.espressif/tools/xtensa-esp32-elf/esp-2022r1-RC1-11.2.0/xtensa-esp32-elf/bin/../lib/gcc/xtensa-esp32-elf/11.2.0/../../../../xtensa-esp32-elf/include/c++/11.2.0/backward]
    add: [/home/fresvel/.espressif/tools/xtensa-esp32-elf/esp-2022r1-RC1-11.2.0/xtensa-esp32-elf/bin/../lib/gcc/xtensa-esp32-elf/11.2.0/include]
    add: [/home/fresvel/.espressif/tools/xtensa-esp32-elf/esp-2022r1-RC1-11.2.0/xtensa-esp32-elf/bin/../lib/gcc/xtensa-esp32-elf/11.2.0/include-fixed]
    add: [/home/fresvel/.espressif/tools/xtensa-esp32-elf/esp-2022r1-RC1-11.2.0/xtensa-esp32-elf/bin/../lib/gcc/xtensa-esp32-elf/11.2.0/../../../../xtensa-esp32-elf/sys-include]
    add: [/home/fresvel/.espressif/tools/xtensa-esp32-elf/esp-2022r1-RC1-11.2.0/xtensa-esp32-elf/bin/../lib/gcc/xtensa-esp32-elf/11.2.0/../../../../xtensa-esp32-elf/include]
  end of search list found
  collapse include dir [/home/fresvel/.espressif/tools/xtensa-esp32-elf/esp-2022r1-RC1-11.2.0/xtensa-esp32-elf/bin/../lib/gcc/xtensa-esp32-elf/11.2.0/../../../../xtensa-esp32-elf/include/c++/11.2.0] ==> [/home/fresvel/.espressif/tools/xtensa-esp32-elf/esp-2022r1-RC1-11.2.0/xtensa-esp32-elf/xtensa-esp32-elf/include/c++/11.2.0]
  collapse include dir [/home/fresvel/.espressif/tools/xtensa-esp32-elf/esp-2022r1-RC1-11.2.0/xtensa-esp32-elf/bin/../lib/gcc/xtensa-esp32-elf/11.2.0/../../../../xtensa-esp32-elf/include/c++/11.2.0/xtensa-esp32-elf] ==> [/home/fresvel/.espressif/tools/xtensa-esp32-elf/esp-2022r1-RC1-11.2.0/xtensa-esp32-elf/xtensa-esp32-elf/include/c++/11.2.0/xtensa-esp32-elf]
  collapse include dir [/home/fresvel/.espressif/tools/xtensa-esp32-elf/esp-2022r1-RC1-11.2.0/xtensa-esp32-elf/bin/../lib/gcc/xtensa-esp32-elf/11.2.0/../../../../xtensa-esp32-elf/include/c++/11.2.0/backward] ==> [/home/fresvel/.espressif/tools/xtensa-esp32-elf/esp-2022r1-RC1-11.2.0/xtensa-esp32-elf/xtensa-esp32-elf/include/c++/11.2.0/backward]
  collapse include dir [/home/fresvel/.espressif/tools/xtensa-esp32-elf/esp-2022r1-RC1-11.2.0/xtensa-esp32-elf/bin/../lib/gcc/xtensa-esp32-elf/11.2.0/include] ==> [/home/fresvel/.espressif/tools/xtensa-esp32-elf/esp-2022r1-RC1-11.2.0/xtensa-esp32-elf/lib/gcc/xtensa-esp32-elf/11.2.0/include]
  collapse include dir [/home/fresvel/.espressif/tools/xtensa-esp32-elf/esp-2022r1-RC1-11.2.0/xtensa-esp32-elf/bin/../lib/gcc/xtensa-esp32-elf/11.2.0/include-fixed] ==> [/home/fresvel/.espressif/tools/xtensa-esp32-elf/esp-2022r1-RC1-11.2.0/xtensa-esp32-elf/lib/gcc/xtensa-esp32-elf/11.2.0/include-fixed]
  collapse include dir [/home/fresvel/.espressif/tools/xtensa-esp32-elf/esp-2022r1-RC1-11.2.0/xtensa-esp32-elf/bin/../lib/gcc/xtensa-esp32-elf/11.2.0/../../../../xtensa-esp32-elf/sys-include] ==> [/home/fresvel/.espressif/tools/xtensa-esp32-elf/esp-2022r1-RC1-11.2.0/xtensa-esp32-elf/xtensa-esp32-elf/sys-include]
  collapse include dir [/home/fresvel/.espressif/tools/xtensa-esp32-elf/esp-2022r1-RC1-11.2.0/xtensa-esp32-elf/bin/../lib/gcc/xtensa-esp32-elf/11.2.0/../../../../xtensa-esp32-elf/include] ==> [/home/fresvel/.espressif/tools/xtensa-esp32-elf/esp-2022r1-RC1-11.2.0/xtensa-esp32-elf/xtensa-esp32-elf/include]
  implicit include dirs: [/home/fresvel/.espressif/tools/xtensa-esp32-elf/esp-2022r1-RC1-11.2.0/xtensa-esp32-elf/xtensa-esp32-elf/include/c++/11.2.0;/home/fresvel/.espressif/tools/xtensa-esp32-elf/esp-2022r1-RC1-11.2.0/xtensa-esp32-elf/xtensa-esp32-elf/include/c++/11.2.0/xtensa-esp32-elf;/home/fresvel/.espressif/tools/xtensa-esp32-elf/esp-2022r1-RC1-11.2.0/xtensa-esp32-elf/xtensa-esp32-elf/include/c++/11.2.0/backward;/home/fresvel/.espressif/tools/xtensa-esp32-elf/esp-2022r1-RC1-11.2.0/xtensa-esp32-elf/lib/gcc/xtensa-esp32-elf/11.2.0/include;/home/fresvel/.espressif/tools/xtensa-esp32-elf/esp-2022r1-RC1-11.2.0/xtensa-esp32-elf/lib/gcc/xtensa-esp32-elf/11.2.0/include-fixed;/home/fresvel/.espressif/tools/xtensa-esp32-elf/esp-2022r1-RC1-11.2.0/xtensa-esp32-elf/xtensa-esp32-elf/sys-include;/home/fresvel/.espressif/tools/xtensa-esp32-elf/esp-2022r1-RC1-11.2.0/xtensa-esp32-elf/xtensa-esp32-elf/include]


Parsed CXX implicit link information from above output:
  link line regex: [^( *|.*[/\])(xtensa-esp32-elf-ld|CMAKE_LINK_STARTFILE-NOTFOUND|([^/\]+-)?ld|collect2)[^/\]*( |$)]
  ignore line: [Change Dir: /home/fresvel/esp/Proyectos/ciclismo/build/CMakeFiles/CMakeTmp]
  ignore line: []
  ignore line: [Run Build Command(s):/usr/bin/ninja-build cmTC_2e8ef && [1/2] Building CXX object CMakeFiles/cmTC_2e8ef.dir/CMakeCXXCompilerABI.cpp.obj]
  ignore line: [Using built-in specs.]
  ignore line: [COLLECT_GCC=/home/fresvel/.espressif/tools/xtensa-esp32-elf/esp-2022r1-RC1-11.2.0/xtensa-esp32-elf/bin/xtensa-esp32-elf-g++]
  ignore line: [Target: xtensa-esp32-elf]
  ignore line: [Configured with: /builds/idf/crosstool-NG/.build/xtensa-esp32-elf/src/gcc/configure --build=x86_64-build_pc-linux-gnu --host=x86_64-build_pc-linux-gnu --target=xtensa-esp32-elf --prefix=/builds/idf/crosstool-NG/builds/xtensa-esp32-elf --exec_prefix=/builds/idf/crosstool-NG/builds/xtensa-esp32-elf --with-local-prefix=/builds/idf/crosstool-NG/builds/xtensa-esp32-elf/xtensa-esp32-elf --with-headers=/builds/idf/crosstool-NG/builds/xtensa-esp32-elf/xtensa-esp32-elf/include --with-newlib --enable-threads=no --disable-shared --with-pkgversion='crosstool-NG esp-2022r1-RC1' --disable-__cxa_atexit --enable-cxx-flags=-ffunction-sections --disable-libgomp --disable-libmudflap --disable-libmpx --disable-libssp --disable-libquadmath --disable-libquadmath-support --disable-libstdcxx-verbose --with-gmp=/builds/idf/crosstool-NG/.build/xtensa-esp32-elf/buildtools --with-mpfr=/builds/idf/crosstool-NG/.build/xtensa-esp32-elf/buildtools --with-mpc=/builds/idf/crosstool-NG/.build/xtensa-esp32-elf/buildtools --with-isl=/builds/idf/crosstool-NG/.build/xtensa-esp32-elf/buildtools --enable-lto --enable-target-optspace --without-long-double-128 --disable-nls --enable-multiarch --enable-languages=c c++ --disable-libstdcxx-verbose --enable-threads=posix --enable-gcov-custom-rtio --enable-libstdcxx-time=yes]
  ignore line: [Thread model: posix]
  ignore line: [Supported LTO compression algorithms: zlib]
  ignore line: [gcc version 11.2.0 (crosstool-NG esp-2022r1-RC1) ]
  ignore line: [COLLECT_GCC_OPTIONS='-mlongcalls' '-Wno-frame-address' '-v' '-o' 'CMakeFiles/cmTC_2e8ef.dir/CMakeCXXCompilerABI.cpp.obj' '-c' '-dumpdir' 'CMakeFiles/cmTC_2e8ef.dir/']
  ignore line: [ /home/fresvel/.espressif/tools/xtensa-esp32-elf/esp-2022r1-RC1-11.2.0/xtensa-esp32-elf/bin/../libexec/gcc/xtensa-esp32-elf/11.2.0/cc1plus -quiet -v -iprefix /home/fresvel/.espressif/tools/xtensa-esp32-elf/esp-2022r1-RC1-11.2.0/xtensa-esp32-elf/bin/../lib/gcc/xtensa-esp32-elf/11.2.0/ /usr/share/cmake/Modules/CMakeCXXCompilerABI.cpp -quiet -dumpdir CMakeFiles/cmTC_2e8ef.dir/ -dumpbase CMakeCXXCompilerABI.cpp.cpp -dumpbase-ext .cpp -mlongcalls -Wno-frame-address -version -o /tmp/ccTf7tFf.s]
  ignore line: [GNU C++17 (crosstool-NG esp-2022r1-RC1) version 11.2.0 (xtensa-esp32-elf)]
  ignore line: [	compiled by GNU C version 4.9.2  GMP version 6.2.1  MPFR version 4.1.0  MPC version 1.2.1  isl version isl-0.24-GMP]
  ignore line: []
  ignore line: [GGC heuristics: --param ggc-min-expand=100 --param ggc-min-heapsize=131072]
  ignore line: [ignoring duplicate directory "/home/fresvel/.espressif/tools/xtensa-esp32-elf/esp-2022r1-RC1-11.2.0/xtensa-esp32-elf/bin/../lib/gcc/../../lib/gcc/xtensa-esp32-elf/11.2.0/../../../../xtensa-esp32-elf/include/c++/11.2.0"]
  ignore line: [ignoring duplicate directory "/home/fresvel/.espressif/tools/xtensa-esp32-elf/esp-2022r1-RC1-11.2.0/xtensa-esp32-elf/bin/../lib/gcc/../../lib/gcc/xtensa-esp32-elf/11.2.0/../../../../xtensa-esp32-elf/include/c++/11.2.0/xtensa-esp32-elf"]
  ignore line: [ignoring duplicate directory "/home/fresvel/.espressif/tools/xtensa-esp32-elf/esp-2022r1-RC1-11.2.0/xtensa-esp32-elf/bin/../lib/gcc/../../lib/gcc/xtensa-esp32-elf/11.2.0/../../../../xtensa-esp32-elf/include/c++/11.2.0/backward"]
  ignore line: [ignoring duplicate directory "/home/fresvel/.espressif/tools/xtensa-esp32-elf/esp-2022r1-RC1-11.2.0/xtensa-esp32-elf/bin/../lib/gcc/../../lib/gcc/xtensa-esp32-elf/11.2.0/include"]
  ignore line: [ignoring duplicate directory "/home/fresvel/.espressif/tools/xtensa-esp32-elf/esp-2022r1-RC1-11.2.0/xtensa-esp32-elf/bin/../lib/gcc/../../lib/gcc/xtensa-esp32-elf/11.2.0/include-fixed"]
  ignore line: [ignoring duplicate directory "/home/fresvel/.espressif/tools/xtensa-esp32-elf/esp-2022r1-RC1-11.2.0/xtensa-esp32-elf/bin/../lib/gcc/../../lib/gcc/xtensa-esp32-elf/11.2.0/../../../../xtensa-esp32-elf/sys-include"]
  ignore line: [ignoring duplicate directory "/home/fresvel/.espressif/tools/xtensa-esp32-elf/esp-2022r1-RC1-11.2.0/xtensa-esp32-elf/bin/../lib/gcc/../../lib/gcc/xtensa-esp32-elf/11.2.0/../../../../xtensa-esp32-elf/include"]
  ignore line: [#include "..." search starts here:]
  ignore line: [#include <...> search starts here:]
  ignore line: [ /home/fresvel/.espressif/tools/xtensa-esp32-elf/esp-2022r1-RC1-11.2.0/xtensa-esp32-elf/bin/../lib/gcc/xtensa-esp32-elf/11.2.0/../../../../xtensa-esp32-elf/include/c++/11.2.0]
  ignore line: [ /home/fresvel/.espressif/tools/xtensa-esp32-elf/esp-2022r1-RC1-11.2.0/xtensa-esp32-elf/bin/../lib/gcc/xtensa-esp32-elf/11.2.0/../../../../xtensa-esp32-elf/include/c++/11.2.0/xtensa-esp32-elf]
  ignore line: [ /home/fresvel/.espressif/tools/xtensa-esp32-elf/esp-2022r1-RC1-11.2.0/xtensa-esp32-elf/bin/../lib/gcc/xtensa-esp32-elf/11.2.0/../../../../xtensa-esp32-elf/include/c++/11.2.0/backward]
  ignore line: [ /home/fresvel/.espressif/tools/xtensa-esp32-elf/esp-2022r1-RC1-11.2.0/xtensa-esp32-elf/bin/../lib/gcc/xtensa-esp32-elf/11.2.0/include]
  ignore line: [ /home/fresvel/.espressif/tools/xtensa-esp32-elf/esp-2022r1-RC1-11.2.0/xtensa-esp32-elf/bin/../lib/gcc/xtensa-esp32-elf/11.2.0/include-fixed]
  ignore line: [ /home/fresvel/.espressif/tools/xtensa-esp32-elf/esp-2022r1-RC1-11.2.0/xtensa-esp32-elf/bin/../lib/gcc/xtensa-esp32-elf/11.2.0/../../../../xtensa-esp32-elf/sys-include]
  ignore line: [ /home/fresvel/.espressif/tools/xtensa-esp32-elf/esp-2022r1-RC1-11.2.0/xtensa-esp32-elf/bin/../lib/gcc/xtensa-esp32-elf/11.2.0/../../../../xtensa-esp32-elf/include]
  ignore line: [End of search list.]
  ignore line: [GNU C++17 (crosstool-NG esp-2022r1-RC1) version 11.2.0 (xtensa-esp32-elf)]
  ignore line: [	compiled by GNU C version 4.9.2  GMP version 6.2.1  MPFR version 4.1.0  MPC version 1.2.1  isl version isl-0.24-GMP]
  ignore line: []
  ignore line: [GGC heuristics: --param ggc-min-expand=100 --param ggc-min-heapsize=131072]
  ignore line: [Compiler executable checksum: 902862fc8915f79a1a5c24e996c9d4be]
  ignore line: [COLLECT_GCC_OPTIONS='-mlongcalls' '-Wno-frame-address' '-v' '-o' 'CMakeFiles/cmTC_2e8ef.dir/CMakeCXXCompilerABI.cpp.obj' '-c' '-dumpdir' 'CMakeFiles/cmTC_2e8ef.dir/']
  ignore line: [ /home/fresvel/.espressif/tools/xtensa-esp32-elf/esp-2022r1-RC1-11.2.0/xtensa-esp32-elf/bin/../lib/gcc/xtensa-esp32-elf/11.2.0/../../../../xtensa-esp32-elf/bin/as --traditional-format --longcalls -o CMakeFiles/cmTC_2e8ef.dir/CMakeCXXCompilerABI.cpp.obj /tmp/ccTf7tFf.s]
  ignore line: [COMPILER_PATH=/home/fresvel/.espressif/tools/xtensa-esp32-elf/esp-2022r1-RC1-11.2.0/xtensa-esp32-elf/bin/../libexec/gcc/xtensa-esp32-elf/11.2.0/:/home/fresvel/.espressif/tools/xtensa-esp32-elf/esp-2022r1-RC1-11.2.0/xtensa-esp32-elf/bin/../libexec/gcc/:/home/fresvel/.espressif/tools/xtensa-esp32-elf/esp-2022r1-RC1-11.2.0/xtensa-esp32-elf/bin/../lib/gcc/xtensa-esp32-elf/11.2.0/../../../../xtensa-esp32-elf/bin/]
  ignore line: [LIBRARY_PATH=/home/fresvel/.espressif/tools/xtensa-esp32-elf/esp-2022r1-RC1-11.2.0/xtensa-esp32-elf/bin/../lib/gcc/xtensa-esp32-elf/11.2.0/:/home/fresvel/.espressif/tools/xtensa-esp32-elf/esp-2022r1-RC1-11.2.0/xtensa-esp32-elf/bin/../lib/gcc/:/home/fresvel/.espressif/tools/xtensa-esp32-elf/esp-2022r1-RC1-11.2.0/xtensa-esp32-elf/bin/../lib/gcc/xtensa-esp32-elf/11.2.0/../../../../xtensa-esp32-elf/lib/]
  ignore line: [COLLECT_GCC_OPTIONS='-mlongcalls' '-Wno-frame-address' '-v' '-o' 'CMakeFiles/cmTC_2e8ef.dir/CMakeCXXCompilerABI.cpp.obj' '-c' '-dumpdir' 'CMakeFiles/cmTC_2e8ef.dir/CMakeCXXCompilerABI.cpp.']
  ignore line: [[2/2] Linking CXX executable cmTC_2e8ef]
  ignore line: [Using built-in specs.]
  ignore line: [COLLECT_GCC=/home/fresvel/.espressif/tools/xtensa-esp32-elf/esp-2022r1-RC1-11.2.0/xtensa-esp32-elf/bin/xtensa-esp32-elf-g++]
  ignore line: [COLLECT_LTO_WRAPPER=/home/fresvel/.espressif/tools/xtensa-esp32-elf/esp-2022r1-RC1-11.2.0/xtensa-esp32-elf/bin/../libexec/gcc/xtensa-esp32-elf/11.2.0/lto-wrapper]
  ignore line: [Target: xtensa-esp32-elf]
  ignore line: [Configured with: /builds/idf/crosstool-NG/.build/xtensa-esp32-elf/src/gcc/configure --build=x86_64-build_pc-linux-gnu --host=x86_64-build_pc-linux-gnu --target=xtensa-esp32-elf --prefix=/builds/idf/crosstool-NG/builds/xtensa-esp32-elf --exec_prefix=/builds/idf/crosstool-NG/builds/xtensa-esp32-elf --with-local-prefix=/builds/idf/crosstool-NG/builds/xtensa-esp32-elf/xtensa-esp32-elf --with-headers=/builds/idf/crosstool-NG/builds/xtensa-esp32-elf/xtensa-esp32-elf/include --with-newlib --enable-threads=no --disable-shared --with-pkgversion='crosstool-NG esp-2022r1-RC1' --disable-__cxa_atexit --enable-cxx-flags=-ffunction-sections --disable-libgomp --disable-libmudflap --disable-libmpx --disable-libssp --disable-libquadmath --disable-libquadmath-support --disable-libstdcxx-verbose --with-gmp=/builds/idf/crosstool-NG/.build/xtensa-esp32-elf/buildtools --with-mpfr=/builds/idf/crosstool-NG/.build/xtensa-esp32-elf/buildtools --with-mpc=/builds/idf/crosstool-NG/.build/xtensa-esp32-elf/buildtools --with-isl=/builds/idf/crosstool-NG/.build/xtensa-esp32-elf/buildtools --enable-lto --enable-target-optspace --without-long-double-128 --disable-nls --enable-multiarch --enable-languages=c c++ --disable-libstdcxx-verbose --enable-threads=posix --enable-gcov-custom-rtio --enable-libstdcxx-time=yes]
  ignore line: [Thread model: posix]
  ignore line: [Supported LTO compression algorithms: zlib]
  ignore line: [gcc version 11.2.0 (crosstool-NG esp-2022r1-RC1) ]
  ignore line: [COMPILER_PATH=/home/fresvel/.espressif/tools/xtensa-esp32-elf/esp-2022r1-RC1-11.2.0/xtensa-esp32-elf/bin/../libexec/gcc/xtensa-esp32-elf/11.2.0/:/home/fresvel/.espressif/tools/xtensa-esp32-elf/esp-2022r1-RC1-11.2.0/xtensa-esp32-elf/bin/../libexec/gcc/:/home/fresvel/.espressif/tools/xtensa-esp32-elf/esp-2022r1-RC1-11.2.0/xtensa-esp32-elf/bin/../lib/gcc/xtensa-esp32-elf/11.2.0/../../../../xtensa-esp32-elf/bin/]
  ignore line: [LIBRARY_PATH=/home/fresvel/.espressif/tools/xtensa-esp32-elf/esp-2022r1-RC1-11.2.0/xtensa-esp32-elf/bin/../lib/gcc/xtensa-esp32-elf/11.2.0/:/home/fresvel/.espressif/tools/xtensa-esp32-elf/esp-2022r1-RC1-11.2.0/xtensa-esp32-elf/bin/../lib/gcc/:/home/fresvel/.espressif/tools/xtensa-esp32-elf/esp-2022r1-RC1-11.2.0/xtensa-esp32-elf/bin/../lib/gcc/xtensa-esp32-elf/11.2.0/../../../../xtensa-esp32-elf/lib/]
  ignore line: [COLLECT_GCC_OPTIONS='-mlongcalls' '-Wno-frame-address' '-v' '-o' 'cmTC_2e8ef' '-dumpdir' 'cmTC_2e8ef.']
  link line: [ /home/fresvel/.espressif/tools/xtensa-esp32-elf/esp-2022r1-RC1-11.2.0/xtensa-esp32-elf/bin/../libexec/gcc/xtensa-esp32-elf/11.2.0/collect2 -plugin /home/fresvel/.espressif/tools/xtensa-esp32-elf/esp-2022r1-RC1-11.2.0/xtensa-esp32-elf/bin/../libexec/gcc/xtensa-esp32-elf/11.2.0/liblto_plugin.so -plugin-opt=/home/fresvel/.espressif/tools/xtensa-esp32-elf/esp-2022r1-RC1-11.2.0/xtensa-esp32-elf/bin/../libexec/gcc/xtensa-esp32-elf/11.2.0/lto-wrapper -plugin-opt=-fresolution=/tmp/ccMF2lHJ.res -plugin-opt=-pass-through=-lgcc -plugin-opt=-pass-through=-lc -plugin-opt=-pass-through=-lnosys -plugin-opt=-pass-through=-lc -plugin-opt=-pass-through=-lgcc -o cmTC_2e8ef /home/fresvel/.espressif/tools/xtensa-esp32-elf/esp-2022r1-RC1-11.2.0/xtensa-esp32-elf/bin/../lib/gcc/xtensa-esp32-elf/11.2.0/../../../../xtensa-esp32-elf/lib/crt0.o /home/fresvel/.espressif/tools/xtensa-esp32-elf/esp-2022r1-RC1-11.2.0/xtensa-esp32-elf/bin/../lib/gcc/xtensa-esp32-elf/11.2.0/crti.o /home/fresvel/.espressif/tools/xtensa-esp32-elf/esp-2022r1-RC1-11.2.0/xtensa-esp32-elf/bin/../lib/gcc/xtensa-esp32-elf/11.2.0/crtbegin.o -L/home/fresvel/.espressif/tools/xtensa-esp32-elf/esp-2022r1-RC1-11.2.0/xtensa-esp32-elf/bin/../lib/gcc/xtensa-esp32-elf/11.2.0 -L/home/fresvel/.espressif/tools/xtensa-esp32-elf/esp-2022r1-RC1-11.2.0/xtensa-esp32-elf/bin/../lib/gcc -L/home/fresvel/.espressif/tools/xtensa-esp32-elf/esp-2022r1-RC1-11.2.0/xtensa-esp32-elf/bin/../lib/gcc/xtensa-esp32-elf/11.2.0/../../../../xtensa-esp32-elf/lib CMakeFiles/cmTC_2e8ef.dir/CMakeCXXCompilerABI.cpp.obj -lstdc++ -lm -lgcc -lc -lnosys -lc -lgcc /home/fresvel/.espressif/tools/xtensa-esp32-elf/esp-2022r1-RC1-11.2.0/xtensa-esp32-elf/bin/../lib/gcc/xtensa-esp32-elf/11.2.0/crtend.o /home/fresvel/.espressif/tools/xtensa-esp32-elf/esp-2022r1-RC1-11.2.0/xtensa-esp32-elf/bin/../lib/gcc/xtensa-esp32-elf/11.2.0/crtn.o]
    arg [/home/fresvel/.espressif/tools/xtensa-esp32-elf/esp-2022r1-RC1-11.2.0/xtensa-esp32-elf/bin/../libexec/gcc/xtensa-esp32-elf/11.2.0/collect2] ==> ignore
    arg [-plugin] ==> ignore
    arg [/home/fresvel/.espressif/tools/xtensa-esp32-elf/esp-2022r1-RC1-11.2.0/xtensa-esp32-elf/bin/../libexec/gcc/xtensa-esp32-elf/11.2.0/liblto_plugin.so] ==> ignore
    arg [-plugin-opt=/home/fresvel/.espressif/tools/xtensa-esp32-elf/esp-2022r1-RC1-11.2.0/xtensa-esp32-elf/bin/../libexec/gcc/xtensa-esp32-elf/11.2.0/lto-wrapper] ==> ignore
    arg [-plugin-opt=-fresolution=/tmp/ccMF2lHJ.res] ==> ignore
    arg [-plugin-opt=-pass-through=-lgcc] ==> ignore
    arg [-plugin-opt=-pass-through=-lc] ==> ignore
    arg [-plugin-opt=-pass-through=-lnosys] ==> ignore
    arg [-plugin-opt=-pass-through=-lc] ==> ignore
    arg [-plugin-opt=-pass-through=-lgcc] ==> ignore
    arg [-o] ==> ignore
    arg [cmTC_2e8ef] ==> ignore
    arg [/home/fresvel/.espressif/tools/xtensa-esp32-elf/esp-2022r1-RC1-11.2.0/xtensa-esp32-elf/bin/../lib/gcc/xtensa-esp32-elf/11.2.0/../../../../xtensa-esp32-elf/lib/crt0.o] ==> obj [/home/fresvel/.espressif/tools/xtensa-esp32-elf/esp-2022r1-RC1-11.2.0/xtensa-esp32-elf/bin/../lib/gcc/xtensa-esp32-elf/11.2.0/../../../../xtensa-esp32-elf/lib/crt0.o]
    arg [/home/fresvel/.espressif/tools/xtensa-esp32-elf/esp-2022r1-RC1-11.2.0/xtensa-esp32-elf/bin/../lib/gcc/xtensa-esp32-elf/11.2.0/crti.o] ==> obj [/home/fresvel/.espressif/tools/xtensa-esp32-elf/esp-2022r1-RC1-11.2.0/xtensa-esp32-elf/bin/../lib/gcc/xtensa-esp32-elf/11.2.0/crti.o]
    arg [/home/fresvel/.espressif/tools/xtensa-esp32-elf/esp-2022r1-RC1-11.2.0/xtensa-esp32-elf/bin/../lib/gcc/xtensa-esp32-elf/11.2.0/crtbegin.o] ==> obj [/home/fresvel/.espressif/tools/xtensa-esp32-elf/esp-2022r1-RC1-11.2.0/xtensa-esp32-elf/bin/../lib/gcc/xtensa-esp32-elf/11.2.0/crtbegin.o]
    arg [-L/home/fresvel/.espressif/tools/xtensa-esp32-elf/esp-2022r1-RC1-11.2.0/xtensa-esp32-elf/bin/../lib/gcc/xtensa-esp32-elf/11.2.0] ==> dir [/home/fresvel/.espressif/tools/xtensa-esp32-elf/esp-2022r1-RC1-11.2.0/xtensa-esp32-elf/bin/../lib/gcc/xtensa-esp32-elf/11.2.0]
    arg [-L/home/fresvel/.espressif/tools/xtensa-esp32-elf/esp-2022r1-RC1-11.2.0/xtensa-esp32-elf/bin/../lib/gcc] ==> dir [/home/fresvel/.espressif/tools/xtensa-esp32-elf/esp-2022r1-RC1-11.2.0/xtensa-esp32-elf/bin/../lib/gcc]
    arg [-L/home/fresvel/.espressif/tools/xtensa-esp32-elf/esp-2022r1-RC1-11.2.0/xtensa-esp32-elf/bin/../lib/gcc/xtensa-esp32-elf/11.2.0/../../../../xtensa-esp32-elf/lib] ==> dir [/home/fresvel/.espressif/tools/xtensa-esp32-elf/esp-2022r1-RC1-11.2.0/xtensa-esp32-elf/bin/../lib/gcc/xtensa-esp32-elf/11.2.0/../../../../xtensa-esp32-elf/lib]
    arg [CMakeFiles/cmTC_2e8ef.dir/CMakeCXXCompilerABI.cpp.obj] ==> ignore
    arg [-lstdc++] ==> lib [stdc++]
    arg [-lm] ==> lib [m]
    arg [-lgcc] ==> lib [gcc]
    arg [-lc] ==> lib [c]
    arg [-lnosys] ==> lib [nosys]
    arg [-lc] ==> lib [c]
    arg [-lgcc] ==> lib [gcc]
    arg [/home/fresvel/.espressif/tools/xtensa-esp32-elf/esp-2022r1-RC1-11.2.0/xtensa-esp32-elf/bin/../lib/gcc/xtensa-esp32-elf/11.2.0/crtend.o] ==> obj [/home/fresvel/.espressif/tools/xtensa-esp32-elf/esp-2022r1-RC1-11.2.0/xtensa-esp32-elf/bin/../lib/gcc/xtensa-esp32-elf/11.2.0/crtend.o]
    arg [/home/fresvel/.espressif/tools/xtensa-esp32-elf/esp-2022r1-RC1-11.2.0/xtensa-esp32-elf/bin/../lib/gcc/xtensa-esp32-elf/11.2.0/crtn.o] ==> obj [/home/fresvel/.espressif/tools/xtensa-esp32-elf/esp-2022r1-RC1-11.2.0/xtensa-esp32-elf/bin/../lib/gcc/xtensa-esp32-elf/11.2.0/crtn.o]
  collapse obj [/home/fresvel/.espressif/tools/xtensa-esp32-elf/esp-2022r1-RC1-11.2.0/xtensa-esp32-elf/bin/../lib/gcc/xtensa-esp32-elf/11.2.0/../../../../xtensa-esp32-elf/lib/crt0.o] ==> [/home/fresvel/.espressif/tools/xtensa-esp32-elf/esp-2022r1-RC1-11.2.0/xtensa-esp32-elf/xtensa-esp32-elf/lib/crt0.o]
  collapse obj [/home/fresvel/.espressif/tools/xtensa-esp32-elf/esp-2022r1-RC1-11.2.0/xtensa-esp32-elf/bin/../lib/gcc/xtensa-esp32-elf/11.2.0/crti.o] ==> [/home/fresvel/.espressif/tools/xtensa-esp32-elf/esp-2022r1-RC1-11.2.0/xtensa-esp32-elf/lib/gcc/xtensa-esp32-elf/11.2.0/crti.o]
  collapse obj [/home/fresvel/.espressif/tools/xtensa-esp32-elf/esp-2022r1-RC1-11.2.0/xtensa-esp32-elf/bin/../lib/gcc/xtensa-esp32-elf/11.2.0/crtbegin.o] ==> [/home/fresvel/.espressif/tools/xtensa-esp32-elf/esp-2022r1-RC1-11.2.0/xtensa-esp32-elf/lib/gcc/xtensa-esp32-elf/11.2.0/crtbegin.o]
  collapse obj [/home/fresvel/.espressif/tools/xtensa-esp32-elf/esp-2022r1-RC1-11.2.0/xtensa-esp32-elf/bin/../lib/gcc/xtensa-esp32-elf/11.2.0/crtend.o] ==> [/home/fresvel/.espressif/tools/xtensa-esp32-elf/esp-2022r1-RC1-11.2.0/xtensa-esp32-elf/lib/gcc/xtensa-esp32-elf/11.2.0/crtend.o]
  collapse obj [/home/fresvel/.espressif/tools/xtensa-esp32-elf/esp-2022r1-RC1-11.2.0/xtensa-esp32-elf/bin/../lib/gcc/xtensa-esp32-elf/11.2.0/crtn.o] ==> [/home/fresvel/.espressif/tools/xtensa-esp32-elf/esp-2022r1-RC1-11.2.0/xtensa-esp32-elf/lib/gcc/xtensa-esp32-elf/11.2.0/crtn.o]
  collapse library dir [/home/fresvel/.espressif/tools/xtensa-esp32-elf/esp-2022r1-RC1-11.2.0/xtensa-esp32-elf/bin/../lib/gcc/xtensa-esp32-elf/11.2.0] ==> [/home/fresvel/.espressif/tools/xtensa-esp32-elf/esp-2022r1-RC1-11.2.0/xtensa-esp32-elf/lib/gcc/xtensa-esp32-elf/11.2.0]
  collapse library dir [/home/fresvel/.espressif/tools/xtensa-esp32-elf/esp-2022r1-RC1-11.2.0/xtensa-esp32-elf/bin/../lib/gcc] ==> [/home/fresvel/.espressif/tools/xtensa-esp32-elf/esp-2022r1-RC1-11.2.0/xtensa-esp32-elf/lib/gcc]
  collapse library dir [/home/fresvel/.espressif/tools/xtensa-esp32-elf/esp-2022r1-RC1-11.2.0/xtensa-esp32-elf/bin/../lib/gcc/xtensa-esp32-elf/11.2.0/../../../../xtensa-esp32-elf/lib] ==> [/home/fresvel/.espressif/tools/xtensa-esp32-elf/esp-2022r1-RC1-11.2.0/xtensa-esp32-elf/xtensa-esp32-elf/lib]
  implicit libs: [stdc++;m;gcc;c;nosys;c;gcc]
  implicit objs: [/home/fresvel/.espressif/tools/xtensa-esp32-elf/esp-2022r1-RC1-11.2.0/xtensa-esp32-elf/xtensa-esp32-elf/lib/crt0.o;/home/fresvel/.espressif/tools/xtensa-esp32-elf/esp-2022r1-RC1-11.2.0/xtensa-esp32-elf/lib/gcc/xtensa-esp32-elf/11.2.0/crti.o;/home/fresvel/.espressif/tools/xtensa-esp32-elf/esp-2022r1-RC1-11.2.0/xtensa-esp32-elf/lib/gcc/xtensa-esp32-elf/11.2.0/crtbegin.o;/home/fresvel/.espressif/tools/xtensa-esp32-elf/esp-2022r1-RC1-11.2.0/xtensa-esp32-elf/lib/gcc/xtensa-esp32-elf/11.2.0/crtend.o;/home/fresvel/.espressif/tools/xtensa-esp32-elf/esp-2022r1-RC1-11.2.0/xtensa-esp32-elf/lib/gcc/xtensa-esp32-elf/11.2.0/crtn.o]
  implicit dirs: [/home/fresvel/.espressif/tools/xtensa-esp32-elf/esp-2022r1-RC1-11.2.0/xtensa-esp32-elf/lib/gcc/xtensa-esp32-elf/11.2.0;/home/fresvel/.espressif/tools/xtensa-esp32-elf/esp-2022r1-RC1-11.2.0/xtensa-esp32-elf/lib/gcc;/home/fresvel/.espressif/tools/xtensa-esp32-elf/esp-2022r1-RC1-11.2.0/xtensa-esp32-elf/xtensa-esp32-elf/lib]
  implicit fwks: []


Determining if the include file sys/types.h exists passed with the following output:
Change Dir: /home/fresvel/esp/Proyectos/ciclismo/build/CMakeFiles/CMakeTmp

Run Build Command(s):/usr/bin/ninja-build cmTC_39081 && [1/2] Building C object CMakeFiles/cmTC_39081.dir/CheckIncludeFile.c.obj
[2/2] Linking C executable cmTC_39081



Determining if the include file stdint.h exists passed with the following output:
Change Dir: /home/fresvel/esp/Proyectos/ciclismo/build/CMakeFiles/CMakeTmp

Run Build Command(s):/usr/bin/ninja-build cmTC_0098d && [1/2] Building C object CMakeFiles/cmTC_0098d.dir/CheckIncludeFile.c.obj
[2/2] Linking C executable cmTC_0098d



Determining if the include file stddef.h exists passed with the following output:
Change Dir: /home/fresvel/esp/Proyectos/ciclismo/build/CMakeFiles/CMakeTmp

Run Build Command(s):/usr/bin/ninja-build cmTC_06f6b && [1/2] Building C object CMakeFiles/cmTC_06f6b.dir/CheckIncludeFile.c.obj
[2/2] Linking C executable cmTC_06f6b



Determining size of time_t passed with the following output:
Change Dir: /home/fresvel/esp/Proyectos/ciclismo/build/CMakeFiles/CMakeTmp

Run Build Command(s):/usr/bin/ninja-build cmTC_2c355 && [1/2] Building C object CMakeFiles/cmTC_2c355.dir/TIME_T_SIZE.c.obj
[2/2] Linking C executable cmTC_2c355



Performing C SOURCE FILE Test C_COMPILER_SUPPORTS_WFORMAT_SIGNEDNESS succeeded with the following output:
Change Dir: /home/fresvel/esp/Proyectos/ciclismo/build/CMakeFiles/CMakeTmp

Run Build Command(s):/usr/bin/ninja-build cmTC_41311 && [1/2] Building C object CMakeFiles/cmTC_41311.dir/src.c.obj
[2/2] Linking C executable cmTC_41311


Source file was:
int main(void) { return 0; }
